[35m[1mScanning dependencies of target service_client_01[0m
[ 50%] Built target service_server_01
[ 75%] [32mBuilding CXX object CMakeFiles/service_client_01.dir/src/service_client_01.cpp.o[0m
[01m[K/home/QiangLi/learn/d2lros2/chapt3/chapt3_ws/src/example_service_rclcpp/src/service_client_01.cpp:43:47:[m[K [01;31m[Kerror: [m[K‘[01m[KAssTwoInts[m[K’ is not a member of ‘[01m[Kexample_interfaces::srv[m[K’; did you mean ‘[01m[KAddTwoInts[m[K’?
   43 |       rclcpp::Client<example_interfaces::srv::[01;31m[KAssTwoInts[m[K>::SharedFuture
      |                                               [01;31m[K^~~~~~~~~~[m[K
      |                                               [32m[KAddTwoInts[m[K
[01m[K/home/QiangLi/learn/d2lros2/chapt3/chapt3_ws/src/example_service_rclcpp/src/service_client_01.cpp:43:47:[m[K [01;31m[Kerror: [m[K‘[01m[KAssTwoInts[m[K’ is not a member of ‘[01m[Kexample_interfaces::srv[m[K’; did you mean ‘[01m[KAddTwoInts[m[K’?
   43 |       rclcpp::Client<example_interfaces::srv::[01;31m[KAssTwoInts[m[K>::SharedFuture
      |                                               [01;31m[K^~~~~~~~~~[m[K
      |                                               [32m[KAddTwoInts[m[K
[01m[K/home/QiangLi/learn/d2lros2/chapt3/chapt3_ws/src/example_service_rclcpp/src/service_client_01.cpp:43:57:[m[K [01;31m[Kerror: [m[Ktemplate argument 1 is invalid
   43 |       rclcpp::Client<example_interfaces::srv::AssTwoInts[01;31m[K>[m[K::SharedFuture
      |                                                         [01;31m[K^[m[K
[01m[K/home/QiangLi/learn/d2lros2/chapt3/chapt3_ws/src/example_service_rclcpp/src/service_client_01.cpp:44:11:[m[K [01;31m[Kerror: [m[Kexpected ‘[01m[K,[m[K’ or ‘[01m[K...[m[K’ before ‘[01m[Kresult_feature[m[K’
   44 |           [01;31m[Kresult_feature[m[K) {
      |           [01;31m[K^~~~~~~~~~~~~~[m[K
[01m[K/home/QiangLi/learn/d2lros2/chapt3/chapt3_ws/src/example_service_rclcpp/src/service_client_01.cpp:[m[K In member function ‘[01m[Kvoid ServiceClient01::send_request(int, int)[m[K’:
[01m[K/home/QiangLi/learn/d2lros2/chapt3/chapt3_ws/src/example_service_rclcpp/src/service_client_01.cpp:15:13:[m[K [01;31m[Kerror: [m[K‘[01m[Kclient[m[K’ was not declared in this scope; did you mean ‘[01m[Kclient_[m[K’?
   15 |     while (![01;31m[Kclient[m[K->wait_for_service(std::chrono::seconds(1))) {
      |             [01;31m[K^~~~~~[m[K
      |             [32m[Kclient_[m[K
[01m[K/home/QiangLi/learn/d2lros2/chapt3/chapt3_ws/src/example_service_rclcpp/src/service_client_01.cpp:36:71:[m[K [01;31m[Kerror: [m[Kno matching function for call to ‘[01m[Krclcpp::Client<example_interfaces::srv::AddTwoInts>::async_send_request(std::shared_ptr<example_interfaces::srv::AddTwoInts_Request_<std::allocator<void> > >&, std::_Bind_helper<false, void (ServiceClient01::*)(int), ServiceClient01*, const std::_Placeholder<1>&>::type)[m[K’
   36 |                                           this, std::placeholders::_1)[01;31m[K)[m[K;
      |                                                                       [01;31m[K^[m[K
In file included from [01m[K/opt/ros/foxy/include/rclcpp/callback_group.hpp:23[m[K,
                 from [01m[K/opt/ros/foxy/include/rclcpp/any_executable.hpp:20[m[K,
                 from [01m[K/opt/ros/foxy/include/rclcpp/memory_strategy.hpp:24[m[K,
                 from [01m[K/opt/ros/foxy/include/rclcpp/memory_strategies.hpp:18[m[K,
                 from [01m[K/opt/ros/foxy/include/rclcpp/executor_options.hpp:20[m[K,
                 from [01m[K/opt/ros/foxy/include/rclcpp/executor.hpp:33[m[K,
                 from [01m[K/opt/ros/foxy/include/rclcpp/executors/multi_threaded_executor.hpp:26[m[K,
                 from [01m[K/opt/ros/foxy/include/rclcpp/executors.hpp:21[m[K,
                 from [01m[K/opt/ros/foxy/include/rclcpp/rclcpp.hpp:146[m[K,
                 from [01m[K/home/QiangLi/learn/d2lros2/chapt3/chapt3_ws/src/example_service_rclcpp/src/service_client_01.cpp:2[m[K:
[01m[K/opt/ros/foxy/include/rclcpp/client.hpp:318:3:[m[K [01;36m[Knote: [m[Kcandidate: ‘[01m[Krclcpp::Client<ServiceT>::SharedFuture rclcpp::Client<ServiceT>::async_send_request(rclcpp::Client<ServiceT>::SharedRequest) [with ServiceT = example_interfaces::srv::AddTwoInts; rclcpp::Client<ServiceT>::SharedFuture = std::shared_future<std::shared_ptr<example_interfaces::srv::AddTwoInts_Response_<std::allocator<void> > > >; typename ServiceT::Response::SharedPtr = std::shared_ptr<example_interfaces::srv::AddTwoInts_Response_<std::allocator<void> > >; rclcpp::Client<ServiceT>::SharedRequest = std::shared_ptr<example_interfaces::srv::AddTwoInts_Request_<std::allocator<void> > >][m[K’
  318 |   [01;36m[Kasync_send_request[m[K(SharedRequest request)
      |   [01;36m[K^~~~~~~~~~~~~~~~~~[m[K
[01m[K/opt/ros/foxy/include/rclcpp/client.hpp:318:3:[m[K [01;36m[Knote: [m[K  candidate expects 1 argument, 2 provided
[01m[K/opt/ros/foxy/include/rclcpp/client.hpp:333:3:[m[K [01;36m[Knote: [m[Kcandidate: ‘[01m[Ktemplate<class CallbackT, typename std::enable_if<rclcpp::function_traits::same_arguments<CallbackT, std::function<void(std::shared_future<std::shared_ptr<example_interfaces::srv::AddTwoInts_Response_<std::allocator<void> > > >)> >::value, void>::type* <anonymous> > rclcpp::Client<ServiceT>::SharedFuture rclcpp::Client<ServiceT>::async_send_request(rclcpp::Client<ServiceT>::SharedRequest, CallbackT&&) [with CallbackT = CallbackT; typename std::enable_if<rclcpp::function_traits::same_arguments<CallbackT, std::function<void(std::shared_future<typename ServiceT::Response::SharedPtr>)> >::value>::type* <anonymous> = <enumerator>; ServiceT = example_interfaces::srv::AddTwoInts][m[K’
  333 |   [01;36m[Kasync_send_request[m[K(SharedRequest request, CallbackT && cb)
      |   [01;36m[K^~~~~~~~~~~~~~~~~~[m[K
[01m[K/opt/ros/foxy/include/rclcpp/client.hpp:333:3:[m[K [01;36m[Knote: [m[K  template argument deduction/substitution failed:
[01m[K/opt/ros/foxy/include/rclcpp/client.hpp:330:17:[m[K [01;31m[Kerror: [m[Kno type named ‘[01m[Ktype[m[K’ in ‘[01m[Kstruct std::enable_if<false, void>[m[K’
  330 |     >::type * = [01;31m[Knullptr[m[K
      |                 [01;31m[K^~~~~~~[m[K
[01m[K/opt/ros/foxy/include/rclcpp/client.hpp:359:3:[m[K [01;36m[Knote: [m[Kcandidate: ‘[01m[Ktemplate<class CallbackT, typename std::enable_if<rclcpp::function_traits::same_arguments<CallbackT, std::function<void(std::shared_future<std::pair<std::shared_ptr<example_interfaces::srv::AddTwoInts_Request_<std::allocator<void> > >, std::shared_ptr<example_interfaces::srv::AddTwoInts_Response_<std::allocator<void> > > > >)> >::value, void>::type* <anonymous> > rclcpp::Client<ServiceT>::SharedFutureWithRequest rclcpp::Client<ServiceT>::async_send_request(rclcpp::Client<ServiceT>::SharedRequest, CallbackT&&) [with CallbackT = CallbackT; typename std::enable_if<rclcpp::function_traits::same_arguments<CallbackT, std::function<void(std::shared_future<std::pair<typename ServiceT::Request::SharedPtr, typename ServiceT::Response::SharedPtr> >)> >::value>::type* <anonymous> = <enumerator>; ServiceT = example_interfaces::srv::AddTwoInts][m[K’
  359 |   [01;36m[Kasync_send_request[m[K(SharedRequest request, CallbackT && cb)
      |   [01;36m[K^~~~~~~~~~~~~~~~~~[m[K
[01m[K/opt/ros/foxy/include/rclcpp/client.hpp:359:3:[m[K [01;36m[Knote: [m[K  template argument deduction/substitution failed:
[01m[K/opt/ros/foxy/include/rclcpp/client.hpp:356:17:[m[K [01;31m[Kerror: [m[Kno type named ‘[01m[Ktype[m[K’ in ‘[01m[Kstruct std::enable_if<false, void>[m[K’
  356 |     >::type * = [01;31m[Knullptr[m[K
      |                 [01;31m[K^~~~~~~[m[K
[01m[K/home/QiangLi/learn/d2lros2/chapt3/chapt3_ws/src/example_service_rclcpp/src/service_client_01.cpp:[m[K In member function ‘[01m[Kvoid ServiceClient01::result_callback_(int)[m[K’:
[01m[K/home/QiangLi/learn/d2lros2/chapt3/chapt3_ws/src/example_service_rclcpp/src/service_client_01.cpp:45:21:[m[K [01;31m[Kerror: [m[K‘[01m[Kresult_feature[m[K’ was not declared in this scope
   45 |     auto response = [01;31m[Kresult_feature[m[K.get();
      |                     [01;31m[K^~~~~~~~~~~~~~[m[K
[01m[K/home/QiangLi/learn/d2lros2/chapt3/chapt3_ws/src/example_service_rclcpp/src/service_client_01.cpp:43:60:[m[K [01;35m[Kwarning: [m[Kunused parameter ‘[01m[KSharedFuture[m[K’ [[01;35m[K-Wunused-parameter[m[K]
   43 |       [01;35m[Krclcpp::Client<example_interfaces::srv::AssTwoInts>::SharedFuture[m[K
      |       [01;35m[K~~~~~~~~~~~~~~~~~~~~~~~~~~~~~~~~~~~~~~~~~~~~~~~~~~~~~^~~~~~~~~~~~[m[K
make[2]: *** [CMakeFiles/service_client_01.dir/build.make:63：CMakeFiles/service_client_01.dir/src/service_client_01.cpp.o] 错误 1
make[1]: *** [CMakeFiles/Makefile2:80：CMakeFiles/service_client_01.dir/all] 错误 2
make: *** [Makefile:141：all] 错误 2
