[0.231s] DEBUG:colcon:Command line arguments: ['/usr/bin/colcon', 'build', '--packages-select', 'example_service_rclcpp']
[0.231s] DEBUG:colcon:Parsed command line arguments: Namespace(allow_overriding=[], ament_cmake_args=None, base_paths=['.'], build_base='build', catkin_cmake_args=None, catkin_skip_building_tests=False, cmake_args=None, cmake_clean_cache=False, cmake_clean_first=False, cmake_force_configure=False, cmake_target=None, cmake_target_skip_unavailable=False, continue_on_error=False, event_handlers=None, executor='parallel', ignore_user_meta=False, install_base='install', log_base=None, log_level=None, main=<bound method BuildVerb.main of <colcon_core.verb.build.BuildVerb object at 0x7fab36248730>>, merge_install=False, metas=['./colcon.meta'], packages_above=None, packages_above_and_dependencies=None, packages_above_depth=None, packages_end=None, packages_ignore=None, packages_ignore_regex=None, packages_select=['example_service_rclcpp'], packages_select_build_failed=False, packages_select_by_dep=None, packages_select_regex=None, packages_select_test_failures=False, packages_skip=None, packages_skip_build_finished=False, packages_skip_by_dep=None, packages_skip_regex=None, packages_skip_test_passed=False, packages_skip_up_to=None, packages_start=None, packages_up_to=None, packages_up_to_regex=None, parallel_workers=40, paths=None, symlink_install=False, test_result_base=None, verb_extension=<colcon_core.verb.build.BuildVerb object at 0x7fab36248730>, verb_name='build', verb_parser=<colcon_defaults.argument_parser.defaults.DefaultArgumentsDecorator object at 0x7fab36248c40>)
[0.384s] Level 1:colcon.colcon_core.package_discovery:discover_packages(colcon_meta) check parameters
[0.384s] Level 1:colcon.colcon_core.package_discovery:discover_packages(recursive) check parameters
[0.384s] Level 1:colcon.colcon_core.package_discovery:discover_packages(ignore) check parameters
[0.384s] Level 1:colcon.colcon_core.package_discovery:discover_packages(path) check parameters
[0.384s] Level 1:colcon.colcon_core.package_discovery:discover_packages(colcon_meta) discover
[0.384s] Level 1:colcon.colcon_core.package_discovery:discover_packages(recursive) discover
[0.384s] INFO:colcon.colcon_core.package_discovery:Crawling recursively for packages in '/home/QiangLi/learn/d2lros2/chapt3/chapt3_ws'
[0.384s] Level 1:colcon.colcon_core.package_identification:_identify(.) by extensions ['ignore', 'ignore_ament_install']
[0.384s] Level 1:colcon.colcon_core.package_identification:_identify(.) by extension 'ignore'
[0.385s] Level 1:colcon.colcon_core.package_identification:_identify(.) by extension 'ignore_ament_install'
[0.385s] Level 1:colcon.colcon_core.package_identification:_identify(.) by extensions ['colcon_pkg']
[0.385s] Level 1:colcon.colcon_core.package_identification:_identify(.) by extension 'colcon_pkg'
[0.385s] Level 1:colcon.colcon_core.package_identification:_identify(.) by extensions ['colcon_meta']
[0.385s] Level 1:colcon.colcon_core.package_identification:_identify(.) by extension 'colcon_meta'
[0.385s] Level 1:colcon.colcon_core.package_identification:_identify(.) by extensions ['ros']
[0.385s] Level 1:colcon.colcon_core.package_identification:_identify(.) by extension 'ros'
[0.395s] Level 1:colcon.colcon_core.package_identification:_identify(.) by extensions ['cmake', 'python']
[0.395s] Level 1:colcon.colcon_core.package_identification:_identify(.) by extension 'cmake'
[0.395s] Level 1:colcon.colcon_core.package_identification:_identify(.) by extension 'python'
[0.395s] Level 1:colcon.colcon_core.package_identification:_identify(.) by extensions ['python_setup_py']
[0.395s] Level 1:colcon.colcon_core.package_identification:_identify(.) by extension 'python_setup_py'
[0.395s] Level 1:colcon.colcon_core.package_identification:_identify(build) by extensions ['ignore', 'ignore_ament_install']
[0.395s] Level 1:colcon.colcon_core.package_identification:_identify(build) by extension 'ignore'
[0.395s] Level 1:colcon.colcon_core.package_identification:_identify(build) ignored
[0.395s] Level 1:colcon.colcon_core.package_identification:_identify(install) by extensions ['ignore', 'ignore_ament_install']
[0.395s] Level 1:colcon.colcon_core.package_identification:_identify(install) by extension 'ignore'
[0.395s] Level 1:colcon.colcon_core.package_identification:_identify(install) ignored
[0.395s] Level 1:colcon.colcon_core.package_identification:_identify(log) by extensions ['ignore', 'ignore_ament_install']
[0.395s] Level 1:colcon.colcon_core.package_identification:_identify(log) by extension 'ignore'
[0.395s] Level 1:colcon.colcon_core.package_identification:_identify(log) ignored
[0.395s] Level 1:colcon.colcon_core.package_identification:_identify(src) by extensions ['ignore', 'ignore_ament_install']
[0.395s] Level 1:colcon.colcon_core.package_identification:_identify(src) by extension 'ignore'
[0.396s] Level 1:colcon.colcon_core.package_identification:_identify(src) by extension 'ignore_ament_install'
[0.396s] Level 1:colcon.colcon_core.package_identification:_identify(src) by extensions ['colcon_pkg']
[0.396s] Level 1:colcon.colcon_core.package_identification:_identify(src) by extension 'colcon_pkg'
[0.396s] Level 1:colcon.colcon_core.package_identification:_identify(src) by extensions ['colcon_meta']
[0.396s] Level 1:colcon.colcon_core.package_identification:_identify(src) by extension 'colcon_meta'
[0.396s] Level 1:colcon.colcon_core.package_identification:_identify(src) by extensions ['ros']
[0.396s] Level 1:colcon.colcon_core.package_identification:_identify(src) by extension 'ros'
[0.396s] Level 1:colcon.colcon_core.package_identification:_identify(src) by extensions ['cmake', 'python']
[0.396s] Level 1:colcon.colcon_core.package_identification:_identify(src) by extension 'cmake'
[0.396s] Level 1:colcon.colcon_core.package_identification:_identify(src) by extension 'python'
[0.396s] Level 1:colcon.colcon_core.package_identification:_identify(src) by extensions ['python_setup_py']
[0.396s] Level 1:colcon.colcon_core.package_identification:_identify(src) by extension 'python_setup_py'
[0.396s] Level 1:colcon.colcon_core.package_identification:_identify(src/example_service_rclcpp) by extensions ['ignore', 'ignore_ament_install']
[0.396s] Level 1:colcon.colcon_core.package_identification:_identify(src/example_service_rclcpp) by extension 'ignore'
[0.396s] Level 1:colcon.colcon_core.package_identification:_identify(src/example_service_rclcpp) by extension 'ignore_ament_install'
[0.396s] Level 1:colcon.colcon_core.package_identification:_identify(src/example_service_rclcpp) by extensions ['colcon_pkg']
[0.396s] Level 1:colcon.colcon_core.package_identification:_identify(src/example_service_rclcpp) by extension 'colcon_pkg'
[0.396s] Level 1:colcon.colcon_core.package_identification:_identify(src/example_service_rclcpp) by extensions ['colcon_meta']
[0.396s] Level 1:colcon.colcon_core.package_identification:_identify(src/example_service_rclcpp) by extension 'colcon_meta'
[0.396s] Level 1:colcon.colcon_core.package_identification:_identify(src/example_service_rclcpp) by extensions ['ros']
[0.396s] Level 1:colcon.colcon_core.package_identification:_identify(src/example_service_rclcpp) by extension 'ros'
[0.399s] DEBUG:colcon.colcon_core.package_identification:Package 'src/example_service_rclcpp' with type 'ros.ament_cmake' and name 'example_service_rclcpp'
[0.399s] Level 1:colcon.colcon_core.package_identification:_identify(src/example_topic_rclcpp) by extensions ['ignore', 'ignore_ament_install']
[0.399s] Level 1:colcon.colcon_core.package_identification:_identify(src/example_topic_rclcpp) by extension 'ignore'
[0.399s] Level 1:colcon.colcon_core.package_identification:_identify(src/example_topic_rclcpp) by extension 'ignore_ament_install'
[0.399s] Level 1:colcon.colcon_core.package_identification:_identify(src/example_topic_rclcpp) by extensions ['colcon_pkg']
[0.399s] Level 1:colcon.colcon_core.package_identification:_identify(src/example_topic_rclcpp) by extension 'colcon_pkg'
[0.399s] Level 1:colcon.colcon_core.package_identification:_identify(src/example_topic_rclcpp) by extensions ['colcon_meta']
[0.399s] Level 1:colcon.colcon_core.package_identification:_identify(src/example_topic_rclcpp) by extension 'colcon_meta'
[0.399s] Level 1:colcon.colcon_core.package_identification:_identify(src/example_topic_rclcpp) by extensions ['ros']
[0.399s] Level 1:colcon.colcon_core.package_identification:_identify(src/example_topic_rclcpp) by extension 'ros'
[0.400s] DEBUG:colcon.colcon_core.package_identification:Package 'src/example_topic_rclcpp' with type 'ros.ament_cmake' and name 'example_topic_rclcpp'
[0.400s] Level 1:colcon.colcon_core.package_discovery:discover_packages(recursive) using defaults
[0.400s] Level 1:colcon.colcon_core.package_discovery:discover_packages(ignore) discover
[0.400s] Level 1:colcon.colcon_core.package_discovery:discover_packages(ignore) using defaults
[0.400s] Level 1:colcon.colcon_core.package_discovery:discover_packages(path) discover
[0.400s] Level 1:colcon.colcon_core.package_discovery:discover_packages(path) using defaults
[0.428s] INFO:colcon.colcon_core.package_selection:Skipping not selected package 'example_topic_rclcpp' in 'src/example_topic_rclcpp'
[0.428s] Level 1:colcon.colcon_core.package_discovery:discover_packages(prefix_path) check parameters
[0.428s] Level 1:colcon.colcon_core.package_discovery:discover_packages(prefix_path) discover
[0.430s] DEBUG:colcon.colcon_installed_package_information.package_discovery:Found 2 installed packages in /home/QiangLi/learn/d2lros2/chapt3/chapt3_ws/install
[0.431s] DEBUG:colcon.colcon_installed_package_information.package_discovery:Found 256 installed packages in /opt/ros/foxy
[0.433s] Level 1:colcon.colcon_core.package_discovery:discover_packages(prefix_path) using defaults
[0.488s] Level 5:colcon.colcon_core.verb:set package 'example_service_rclcpp' build argument 'cmake_args' from command line to 'None'
[0.488s] Level 5:colcon.colcon_core.verb:set package 'example_service_rclcpp' build argument 'cmake_target' from command line to 'None'
[0.488s] Level 5:colcon.colcon_core.verb:set package 'example_service_rclcpp' build argument 'cmake_target_skip_unavailable' from command line to 'False'
[0.488s] Level 5:colcon.colcon_core.verb:set package 'example_service_rclcpp' build argument 'cmake_clean_cache' from command line to 'False'
[0.488s] Level 5:colcon.colcon_core.verb:set package 'example_service_rclcpp' build argument 'cmake_clean_first' from command line to 'False'
[0.488s] Level 5:colcon.colcon_core.verb:set package 'example_service_rclcpp' build argument 'cmake_force_configure' from command line to 'False'
[0.488s] Level 5:colcon.colcon_core.verb:set package 'example_service_rclcpp' build argument 'ament_cmake_args' from command line to 'None'
[0.488s] Level 5:colcon.colcon_core.verb:set package 'example_service_rclcpp' build argument 'catkin_cmake_args' from command line to 'None'
[0.488s] Level 5:colcon.colcon_core.verb:set package 'example_service_rclcpp' build argument 'catkin_skip_building_tests' from command line to 'False'
[0.488s] DEBUG:colcon.colcon_core.verb:Building package 'example_service_rclcpp' with the following arguments: {'ament_cmake_args': None, 'build_base': '/home/QiangLi/learn/d2lros2/chapt3/chapt3_ws/build/example_service_rclcpp', 'catkin_cmake_args': None, 'catkin_skip_building_tests': False, 'cmake_args': None, 'cmake_clean_cache': False, 'cmake_clean_first': False, 'cmake_force_configure': False, 'cmake_target': None, 'cmake_target_skip_unavailable': False, 'install_base': '/home/QiangLi/learn/d2lros2/chapt3/chapt3_ws/install/example_service_rclcpp', 'merge_install': False, 'path': '/home/QiangLi/learn/d2lros2/chapt3/chapt3_ws/src/example_service_rclcpp', 'symlink_install': False, 'test_result_base': None}
[0.488s] INFO:colcon.colcon_core.executor:Executing jobs using 'parallel' executor
[0.490s] DEBUG:colcon.colcon_parallel_executor.executor.parallel:run_until_complete
[0.490s] INFO:colcon.colcon_ros.task.ament_cmake.build:Building ROS package in '/home/QiangLi/learn/d2lros2/chapt3/chapt3_ws/src/example_service_rclcpp' with build type 'ament_cmake'
[0.490s] INFO:colcon.colcon_cmake.task.cmake.build:Building CMake package in '/home/QiangLi/learn/d2lros2/chapt3/chapt3_ws/src/example_service_rclcpp'
[0.492s] INFO:colcon.colcon_core.plugin_system:Skipping extension 'colcon_core.shell.bat': Not used on non-Windows systems
[0.493s] INFO:colcon.colcon_core.shell:Skip shell extension 'powershell' for command environment: Not usable outside of PowerShell
[0.493s] DEBUG:colcon.colcon_core.shell:Skip shell extension 'dsv' for command environment
[0.512s] DEBUG:colcon.colcon_core.event_handler.log_command:Invoking command in '/home/QiangLi/learn/d2lros2/chapt3/chapt3_ws/build/example_service_rclcpp': CMAKE_PREFIX_PATH=${CMAKE_PREFIX_PATH}:/opt/ros/foxy _=/usr/bin/env /usr/bin/cmake --build /home/QiangLi/learn/d2lros2/chapt3/chapt3_ws/build/example_service_rclcpp -- -j40 -l40
[3.175s] DEBUG:colcon.colcon_core.event_handler.log_command:Invoked command in '/home/QiangLi/learn/d2lros2/chapt3/chapt3_ws/build/example_service_rclcpp' returned '0': CMAKE_PREFIX_PATH=${CMAKE_PREFIX_PATH}:/opt/ros/foxy _=/usr/bin/env /usr/bin/cmake --build /home/QiangLi/learn/d2lros2/chapt3/chapt3_ws/build/example_service_rclcpp -- -j40 -l40
[3.317s] DEBUG:colcon.colcon_core.event_handler.log_command:Invoking command in '/home/QiangLi/learn/d2lros2/chapt3/chapt3_ws/build/example_service_rclcpp': CMAKE_PREFIX_PATH=${CMAKE_PREFIX_PATH}:/opt/ros/foxy _=/usr/bin/env /usr/bin/cmake --install /home/QiangLi/learn/d2lros2/chapt3/chapt3_ws/build/example_service_rclcpp
[3.337s] Level 1:colcon.colcon_core.environment:create_environment_scripts_only(example_service_rclcpp)
[3.348s] DEBUG:colcon.colcon_core.event_handler.log_command:Invoked command in '/home/QiangLi/learn/d2lros2/chapt3/chapt3_ws/build/example_service_rclcpp' returned '0': CMAKE_PREFIX_PATH=${CMAKE_PREFIX_PATH}:/opt/ros/foxy _=/usr/bin/env /usr/bin/cmake --install /home/QiangLi/learn/d2lros2/chapt3/chapt3_ws/build/example_service_rclcpp
[3.353s] Level 1:colcon.colcon_core.environment:checking '/home/QiangLi/learn/d2lros2/chapt3/chapt3_ws/install/example_service_rclcpp' for CMake module files
[3.356s] Level 1:colcon.colcon_core.environment:checking '/home/QiangLi/learn/d2lros2/chapt3/chapt3_ws/install/example_service_rclcpp' for CMake config files
[3.357s] Level 1:colcon.colcon_core.shell:create_environment_hook('example_service_rclcpp', 'cmake_prefix_path')
[3.358s] INFO:colcon.colcon_core.shell:Creating environment hook '/home/QiangLi/learn/d2lros2/chapt3/chapt3_ws/install/example_service_rclcpp/share/example_service_rclcpp/hook/cmake_prefix_path.ps1'
[3.359s] INFO:colcon.colcon_core.shell:Creating environment descriptor '/home/QiangLi/learn/d2lros2/chapt3/chapt3_ws/install/example_service_rclcpp/share/example_service_rclcpp/hook/cmake_prefix_path.dsv'
[3.361s] INFO:colcon.colcon_core.shell:Creating environment hook '/home/QiangLi/learn/d2lros2/chapt3/chapt3_ws/install/example_service_rclcpp/share/example_service_rclcpp/hook/cmake_prefix_path.sh'
[3.364s] Level 1:colcon.colcon_core.environment:checking '/home/QiangLi/learn/d2lros2/chapt3/chapt3_ws/install/example_service_rclcpp/lib'
[3.364s] Level 1:colcon.colcon_core.environment:checking '/home/QiangLi/learn/d2lros2/chapt3/chapt3_ws/install/example_service_rclcpp/bin'
[3.364s] Level 1:colcon.colcon_core.environment:checking '/home/QiangLi/learn/d2lros2/chapt3/chapt3_ws/install/example_service_rclcpp/lib/pkgconfig/example_service_rclcpp.pc'
[3.365s] Level 1:colcon.colcon_core.environment:checking '/home/QiangLi/learn/d2lros2/chapt3/chapt3_ws/install/example_service_rclcpp/lib/python3.8/site-packages'
[3.365s] Level 1:colcon.colcon_core.environment:checking '/home/QiangLi/learn/d2lros2/chapt3/chapt3_ws/install/example_service_rclcpp/bin'
[3.366s] INFO:colcon.colcon_core.shell:Creating package script '/home/QiangLi/learn/d2lros2/chapt3/chapt3_ws/install/example_service_rclcpp/share/example_service_rclcpp/package.ps1'
[3.367s] INFO:colcon.colcon_core.shell:Creating package descriptor '/home/QiangLi/learn/d2lros2/chapt3/chapt3_ws/install/example_service_rclcpp/share/example_service_rclcpp/package.dsv'
[3.368s] INFO:colcon.colcon_core.shell:Creating package script '/home/QiangLi/learn/d2lros2/chapt3/chapt3_ws/install/example_service_rclcpp/share/example_service_rclcpp/package.sh'
[3.370s] INFO:colcon.colcon_core.shell:Creating package script '/home/QiangLi/learn/d2lros2/chapt3/chapt3_ws/install/example_service_rclcpp/share/example_service_rclcpp/package.bash'
[3.371s] INFO:colcon.colcon_core.shell:Creating package script '/home/QiangLi/learn/d2lros2/chapt3/chapt3_ws/install/example_service_rclcpp/share/example_service_rclcpp/package.zsh'
[3.373s] Level 1:colcon.colcon_core.environment:create_file_with_runtime_dependencies(/home/QiangLi/learn/d2lros2/chapt3/chapt3_ws/install/example_service_rclcpp/share/colcon-core/packages/example_service_rclcpp)
[3.480s] Level 1:colcon.colcon_core.environment:create_environment_scripts_only(example_service_rclcpp)
[3.481s] Level 1:colcon.colcon_core.environment:checking '/home/QiangLi/learn/d2lros2/chapt3/chapt3_ws/install/example_service_rclcpp' for CMake module files
[3.483s] Level 1:colcon.colcon_core.environment:checking '/home/QiangLi/learn/d2lros2/chapt3/chapt3_ws/install/example_service_rclcpp' for CMake config files
[3.484s] Level 1:colcon.colcon_core.shell:create_environment_hook('example_service_rclcpp', 'cmake_prefix_path')
[3.485s] INFO:colcon.colcon_core.shell:Creating environment hook '/home/QiangLi/learn/d2lros2/chapt3/chapt3_ws/install/example_service_rclcpp/share/example_service_rclcpp/hook/cmake_prefix_path.ps1'
[3.486s] INFO:colcon.colcon_core.shell:Creating environment descriptor '/home/QiangLi/learn/d2lros2/chapt3/chapt3_ws/install/example_service_rclcpp/share/example_service_rclcpp/hook/cmake_prefix_path.dsv'
[3.487s] INFO:colcon.colcon_core.shell:Creating environment hook '/home/QiangLi/learn/d2lros2/chapt3/chapt3_ws/install/example_service_rclcpp/share/example_service_rclcpp/hook/cmake_prefix_path.sh'
[3.489s] Level 1:colcon.colcon_core.environment:checking '/home/QiangLi/learn/d2lros2/chapt3/chapt3_ws/install/example_service_rclcpp/lib'
[3.489s] Level 1:colcon.colcon_core.environment:checking '/home/QiangLi/learn/d2lros2/chapt3/chapt3_ws/install/example_service_rclcpp/bin'
[3.489s] Level 1:colcon.colcon_core.environment:checking '/home/QiangLi/learn/d2lros2/chapt3/chapt3_ws/install/example_service_rclcpp/lib/pkgconfig/example_service_rclcpp.pc'
[3.490s] Level 1:colcon.colcon_core.environment:checking '/home/QiangLi/learn/d2lros2/chapt3/chapt3_ws/install/example_service_rclcpp/lib/python3.8/site-packages'
[3.491s] Level 1:colcon.colcon_core.environment:checking '/home/QiangLi/learn/d2lros2/chapt3/chapt3_ws/install/example_service_rclcpp/bin'
[3.492s] INFO:colcon.colcon_core.shell:Creating package script '/home/QiangLi/learn/d2lros2/chapt3/chapt3_ws/install/example_service_rclcpp/share/example_service_rclcpp/package.ps1'
[3.493s] INFO:colcon.colcon_core.shell:Creating package descriptor '/home/QiangLi/learn/d2lros2/chapt3/chapt3_ws/install/example_service_rclcpp/share/example_service_rclcpp/package.dsv'
[3.494s] INFO:colcon.colcon_core.shell:Creating package script '/home/QiangLi/learn/d2lros2/chapt3/chapt3_ws/install/example_service_rclcpp/share/example_service_rclcpp/package.sh'
[3.496s] INFO:colcon.colcon_core.shell:Creating package script '/home/QiangLi/learn/d2lros2/chapt3/chapt3_ws/install/example_service_rclcpp/share/example_service_rclcpp/package.bash'
[3.497s] INFO:colcon.colcon_core.shell:Creating package script '/home/QiangLi/learn/d2lros2/chapt3/chapt3_ws/install/example_service_rclcpp/share/example_service_rclcpp/package.zsh'
[3.497s] Level 1:colcon.colcon_core.environment:create_file_with_runtime_dependencies(/home/QiangLi/learn/d2lros2/chapt3/chapt3_ws/install/example_service_rclcpp/share/colcon-core/packages/example_service_rclcpp)
[3.498s] DEBUG:colcon.colcon_parallel_executor.executor.parallel:closing loop
[3.499s] DEBUG:colcon.colcon_parallel_executor.executor.parallel:loop closed
[3.499s] DEBUG:colcon.colcon_parallel_executor.executor.parallel:run_until_complete finished with '0'
[3.499s] DEBUG:colcon.colcon_core.event_reactor:joining thread
[3.518s] INFO:colcon.colcon_core.plugin_system:Skipping extension 'colcon_notification.desktop_notification.terminal_notifier': Not used on non-Darwin systems
[3.518s] INFO:colcon.colcon_core.plugin_system:Skipping extension 'colcon_notification.desktop_notification.win32': Not used on non-Windows systems
[3.518s] INFO:colcon.colcon_notification.desktop_notification:Sending desktop notification using 'notify2'
[3.558s] DEBUG:colcon.colcon_core.event_reactor:joined thread
[3.559s] INFO:colcon.colcon_core.shell:Creating prefix script '/home/QiangLi/learn/d2lros2/chapt3/chapt3_ws/install/local_setup.ps1'
[3.563s] INFO:colcon.colcon_core.shell:Creating prefix util module '/home/QiangLi/learn/d2lros2/chapt3/chapt3_ws/install/_local_setup_util_ps1.py'
[3.567s] INFO:colcon.colcon_core.shell:Creating prefix chain script '/home/QiangLi/learn/d2lros2/chapt3/chapt3_ws/install/setup.ps1'
[3.570s] INFO:colcon.colcon_core.shell:Creating prefix script '/home/QiangLi/learn/d2lros2/chapt3/chapt3_ws/install/local_setup.sh'
[3.572s] INFO:colcon.colcon_core.shell:Creating prefix util module '/home/QiangLi/learn/d2lros2/chapt3/chapt3_ws/install/_local_setup_util_sh.py'
[3.573s] INFO:colcon.colcon_core.shell:Creating prefix chain script '/home/QiangLi/learn/d2lros2/chapt3/chapt3_ws/install/setup.sh'
[3.576s] INFO:colcon.colcon_core.shell:Creating prefix script '/home/QiangLi/learn/d2lros2/chapt3/chapt3_ws/install/local_setup.bash'
[3.577s] INFO:colcon.colcon_core.shell:Creating prefix chain script '/home/QiangLi/learn/d2lros2/chapt3/chapt3_ws/install/setup.bash'
[3.579s] INFO:colcon.colcon_core.shell:Creating prefix script '/home/QiangLi/learn/d2lros2/chapt3/chapt3_ws/install/local_setup.zsh'
[3.580s] INFO:colcon.colcon_core.shell:Creating prefix chain script '/home/QiangLi/learn/d2lros2/chapt3/chapt3_ws/install/setup.zsh'
