[0.019s] Invoking command in '/home/QiangLi/learn/d2lros2/chapt3/chapt3_ws/build/example_service_rclcpp': CMAKE_PREFIX_PATH=/opt/ros/foxy _=/usr/bin/env /usr/bin/cmake /home/QiangLi/learn/d2lros2/chapt3/chapt3_ws/src/example_service_rclcpp -DCMAKE_INSTALL_PREFIX=/home/QiangLi/learn/d2lros2/chapt3/chapt3_ws/install/example_service_rclcpp
[0.052s] -- Found ament_cmake: 0.9.12 (/opt/ros/foxy/share/ament_cmake/cmake)
[0.094s] -- Using PYTHON_EXECUTABLE: /usr/bin/python3
[0.316s] -- Found rclcpp: 2.4.3 (/opt/ros/foxy/share/rclcpp/cmake)
[0.357s] -- Using all available rosidl_typesupport_c: rosidl_typesupport_fastrtps_c;rosidl_typesupport_introspection_c
[0.360s] -- Found rosidl_adapter: 1.3.1 (/opt/ros/foxy/share/rosidl_adapter/cmake)
[0.488s] -- Using all available rosidl_typesupport_cpp: rosidl_typesupport_fastrtps_cpp;rosidl_typesupport_introspection_cpp
[0.537s] -- Found rmw_implementation_cmake: 1.0.4 (/opt/ros/foxy/share/rmw_implementation_cmake/cmake)
[0.538s] -- Using RMW implementation 'rmw_fastrtps_cpp' as default
[0.672s] -- Found ament_lint_auto: 0.9.8 (/opt/ros/foxy/share/ament_lint_auto/cmake)
[0.767s] -- Added test 'copyright' to check source files copyright and LICENSE
[0.768s] -- Added test 'cppcheck' to perform static code analysis on C / C++ code
[0.768s] -- Configured cppcheck include dirs: 
[0.769s] -- Configured cppcheck exclude dirs and/or files: 
[0.769s] -- Added test 'cpplint' to check C / C++ code against the Google style
[0.769s] -- Configured cpplint exclude dirs and/or files: 
[0.770s] -- Added test 'lint_cmake' to check CMake code style
[0.771s] -- Added test 'uncrustify' to check C / C++ code style
[0.771s] -- Configured uncrustify additional arguments: 
[0.772s] -- Added test 'xmllint' to check XML markup files
[0.776s] -- Configuring done
[0.786s] -- Generating done
[0.788s] -- Build files have been written to: /home/QiangLi/learn/d2lros2/chapt3/chapt3_ws/build/example_service_rclcpp
[0.797s] Invoked command in '/home/QiangLi/learn/d2lros2/chapt3/chapt3_ws/build/example_service_rclcpp' returned '0': CMAKE_PREFIX_PATH=/opt/ros/foxy _=/usr/bin/env /usr/bin/cmake /home/QiangLi/learn/d2lros2/chapt3/chapt3_ws/src/example_service_rclcpp -DCMAKE_INSTALL_PREFIX=/home/QiangLi/learn/d2lros2/chapt3/chapt3_ws/install/example_service_rclcpp
[0.806s] Invoking command in '/home/QiangLi/learn/d2lros2/chapt3/chapt3_ws/build/example_service_rclcpp': CMAKE_PREFIX_PATH=/opt/ros/foxy _=/usr/bin/env /usr/bin/cmake --build /home/QiangLi/learn/d2lros2/chapt3/chapt3_ws/build/example_service_rclcpp -- -j40 -l40
[0.910s] [35m[1mScanning dependencies of target service_server_01[0m
[0.910s] [35m[1mScanning dependencies of target service_client_01[0m
[1.102s] [ 25%] [32mBuilding CXX object CMakeFiles/service_server_01.dir/src/service_server_01.cpp.o[0m
[1.102s] [ 50%] [32mBuilding CXX object CMakeFiles/service_client_01.dir/src/service_client_01.cpp.o[0m
[2.171s] [01m[K/home/QiangLi/learn/d2lros2/chapt3/chapt3_ws/src/example_service_rclcpp/src/service_client_01.cpp:[m[K In constructor ‘[01m[KServiceClient01::ServiceClient01(std::string)[m[K’:
[2.171s] [01m[K/home/QiangLi/learn/d2lros2/chapt3/chapt3_ws/src/example_service_rclcpp/src/service_client_01.cpp:5:49:[m[K [01;31m[Kerror: [m[K‘[01m[Kname[m[K’ was not declared in this scope; did you mean ‘[01m[Krosidl_generator_traits::name[m[K’?
[2.171s]     5 |   ServiceClient01(std::string node_name) : Node([01;31m[Kname[m[K) {
[2.172s]       |                                                 [01;31m[K^~~~[m[K
[2.172s]       |                                                 [32m[Krosidl_generator_traits::name[m[K
[2.172s] In file included from [01m[K/opt/ros/foxy/include/builtin_interfaces/msg/detail/duration__traits.hpp:9[m[K,
[2.172s]                  from [01m[K/opt/ros/foxy/include/builtin_interfaces/msg/duration.hpp:9[m[K,
[2.172s]                  from [01m[K/opt/ros/foxy/include/rclcpp/duration.hpp:20[m[K,
[2.173s]                  from [01m[K/opt/ros/foxy/include/rclcpp/qos.hpp:20[m[K,
[2.173s]                  from [01m[K/opt/ros/foxy/include/rclcpp/node_interfaces/node_graph_interface.hpp:31[m[K,
[2.173s]                  from [01m[K/opt/ros/foxy/include/rclcpp/client.hpp:34[m[K,
[2.173s]                  from [01m[K/opt/ros/foxy/include/rclcpp/callback_group.hpp:23[m[K,
[2.174s]                  from [01m[K/opt/ros/foxy/include/rclcpp/any_executable.hpp:20[m[K,
[2.174s]                  from [01m[K/opt/ros/foxy/include/rclcpp/memory_strategy.hpp:24[m[K,
[2.174s]                  from [01m[K/opt/ros/foxy/include/rclcpp/memory_strategies.hpp:18[m[K,
[2.174s]                  from [01m[K/opt/ros/foxy/include/rclcpp/executor_options.hpp:20[m[K,
[2.174s]                  from [01m[K/opt/ros/foxy/include/rclcpp/executor.hpp:33[m[K,
[2.175s]                  from [01m[K/opt/ros/foxy/include/rclcpp/executors/multi_threaded_executor.hpp:26[m[K,
[2.175s]                  from [01m[K/opt/ros/foxy/include/rclcpp/executors.hpp:21[m[K,
[2.175s]                  from [01m[K/opt/ros/foxy/include/rclcpp/rclcpp.hpp:146[m[K,
[2.175s]                  from [01m[K/home/QiangLi/learn/d2lros2/chapt3/chapt3_ws/src/example_service_rclcpp/src/service_client_01.cpp:1[m[K:
[2.175s] [01m[K/opt/ros/foxy/include/rosidl_runtime_cpp/traits.hpp:27:21:[m[K [01;36m[Knote: [m[K‘[01m[Krosidl_generator_traits::name[m[K’ declared here
[2.176s]    27 | inline const char * [01;36m[Kname[m[K();
[2.176s]       |                     [01;36m[K^~~~[m[K
[2.176s] [01m[K/home/QiangLi/learn/d2lros2/chapt3/chapt3_ws/src/example_service_rclcpp/src/service_client_01.cpp:5:31:[m[K [01;35m[Kwarning: [m[Kunused parameter ‘[01m[Knode_name[m[K’ [[01;35m[K-Wunused-parameter[m[K]
[2.176s]     5 |   ServiceClient01([01;35m[Kstd::string node_name[m[K) : Node(name) {
[2.177s]       |                   [01;35m[K~~~~~~~~~~~~^~~~~~~~~[m[K
[2.197s] [01m[K/home/QiangLi/learn/d2lros2/chapt3/chapt3_ws/src/example_service_rclcpp/src/service_server_01.cpp:[m[K In constructor ‘[01m[KServiceServer01::ServiceServer01(std::string)[m[K’:
[2.198s] [01m[K/home/QiangLi/learn/d2lros2/chapt3/chapt3_ws/src/example_service_rclcpp/src/service_server_01.cpp:5:49:[m[K [01;31m[Kerror: [m[K‘[01m[Kname[m[K’ was not declared in this scope; did you mean ‘[01m[Krosidl_generator_traits::name[m[K’?
[2.198s]     5 |   ServiceServer01(std::string node_name) : Node([01;31m[Kname[m[K) {
[2.198s]       |                                                 [01;31m[K^~~~[m[K
[2.198s]       |                                                 [32m[Krosidl_generator_traits::name[m[K
[2.199s] In file included from [01m[K/opt/ros/foxy/include/builtin_interfaces/msg/detail/duration__traits.hpp:9[m[K,
[2.199s]                  from [01m[K/opt/ros/foxy/include/builtin_interfaces/msg/duration.hpp:9[m[K,
[2.199s]                  from [01m[K/opt/ros/foxy/include/rclcpp/duration.hpp:20[m[K,
[2.199s]                  from [01m[K/opt/ros/foxy/include/rclcpp/qos.hpp:20[m[K,
[2.199s]                  from [01m[K/opt/ros/foxy/include/rclcpp/node_interfaces/node_graph_interface.hpp:31[m[K,
[2.200s]                  from [01m[K/opt/ros/foxy/include/rclcpp/client.hpp:34[m[K,
[2.200s]                  from [01m[K/opt/ros/foxy/include/rclcpp/callback_group.hpp:23[m[K,
[2.200s]                  from [01m[K/opt/ros/foxy/include/rclcpp/any_executable.hpp:20[m[K,
[2.200s]                  from [01m[K/opt/ros/foxy/include/rclcpp/memory_strategy.hpp:24[m[K,
[2.201s]                  from [01m[K/opt/ros/foxy/include/rclcpp/memory_strategies.hpp:18[m[K,
[2.201s]                  from [01m[K/opt/ros/foxy/include/rclcpp/executor_options.hpp:20[m[K,
[2.201s]                  from [01m[K/opt/ros/foxy/include/rclcpp/executor.hpp:33[m[K,
[2.201s]                  from [01m[K/opt/ros/foxy/include/rclcpp/executors/multi_threaded_executor.hpp:26[m[K,
[2.201s]                  from [01m[K/opt/ros/foxy/include/rclcpp/executors.hpp:21[m[K,
[2.202s]                  from [01m[K/opt/ros/foxy/include/rclcpp/rclcpp.hpp:146[m[K,
[2.202s]                  from [01m[K/home/QiangLi/learn/d2lros2/chapt3/chapt3_ws/src/example_service_rclcpp/src/service_server_01.cpp:1[m[K:
[2.202s] [01m[K/opt/ros/foxy/include/rosidl_runtime_cpp/traits.hpp:27:21:[m[K [01;36m[Knote: [m[K‘[01m[Krosidl_generator_traits::name[m[K’ declared here
[2.202s]    27 | inline const char * [01;36m[Kname[m[K();
[2.202s]       |                     [01;36m[K^~~~[m[K
[2.203s] [01m[K/home/QiangLi/learn/d2lros2/chapt3/chapt3_ws/src/example_service_rclcpp/src/service_server_01.cpp:5:31:[m[K [01;35m[Kwarning: [m[Kunused parameter ‘[01m[Knode_name[m[K’ [[01;35m[K-Wunused-parameter[m[K]
[2.203s]     5 |   ServiceServer01([01;35m[Kstd::string node_name[m[K) : Node(name) {
[2.203s]       |                   [01;35m[K~~~~~~~~~~~~^~~~~~~~~[m[K
[2.493s] make[2]: *** [CMakeFiles/service_client_01.dir/build.make:63：CMakeFiles/service_client_01.dir/src/service_client_01.cpp.o] 错误 1
[2.493s] make[1]: *** [CMakeFiles/Makefile2:80：CMakeFiles/service_client_01.dir/all] 错误 2
[2.494s] make[1]: *** 正在等待未完成的任务....
[2.519s] make[2]: *** [CMakeFiles/service_server_01.dir/build.make:63：CMakeFiles/service_server_01.dir/src/service_server_01.cpp.o] 错误 1
[2.519s] make[1]: *** [CMakeFiles/Makefile2:107：CMakeFiles/service_server_01.dir/all] 错误 2
[2.520s] make: *** [Makefile:141：all] 错误 2
[2.525s] Invoked command in '/home/QiangLi/learn/d2lros2/chapt3/chapt3_ws/build/example_service_rclcpp' returned '2': CMAKE_PREFIX_PATH=/opt/ros/foxy _=/usr/bin/env /usr/bin/cmake --build /home/QiangLi/learn/d2lros2/chapt3/chapt3_ws/build/example_service_rclcpp -- -j40 -l40
