In file included from [01m[K/usr/include/x86_64-linux-gnu/c++/9/bits/c++allocator.h:33[m[K,
                 from [01m[K/usr/include/c++/9/bits/allocator.h:46[m[K,
                 from [01m[K/usr/include/c++/9/memory:63[m[K,
                 from [01m[K/opt/ros/foxy/include/rclcpp/rclcpp.hpp:144[m[K,
                 from [01m[K/home/QiangLi/learn/d2lros2/chapt3/chapt3_ws/src/example_topic_rclcpp/src/topic_subscribe_01.cpp:8[m[K:
/usr/include/c++/9/ext/new_allocator.h: In instantiation of ‘[01m[Kvoid __gnu_cxx::new_allocator<_Tp>::construct(_Up*, _Args&& ...) [with _Up = TopicSubscribe01; _Args = {const char (&)[19]}; _Tp = TopicSubscribe01][m[K’:
[01m[K/usr/include/c++/9/bits/alloc_traits.h:483:4:[m[K   required from ‘[01m[Kstatic void std::allocator_traits<std::allocator<_Tp1> >::construct(std::allocator_traits<std::allocator<_Tp1> >::allocator_type&, _Up*, _Args&& ...) [with _Up = TopicSubscribe01; _Args = {const char (&)[19]}; _Tp = TopicSubscribe01; std::allocator_traits<std::allocator<_Tp1> >::allocator_type = std::allocator<TopicSubscribe01>][m[K’
[01m[K/usr/include/c++/9/bits/shared_ptr_base.h:548:39:[m[K   required from ‘[01m[Kstd::_Sp_counted_ptr_inplace<_Tp, _Alloc, _Lp>::_Sp_counted_ptr_inplace(_Alloc, _Args&& ...) [with _Args = {const char (&)[19]}; _Tp = TopicSubscribe01; _Alloc = std::allocator<TopicSubscribe01>; __gnu_cxx::_Lock_policy _Lp = __gnu_cxx::_S_atomic][m[K’
[01m[K/usr/include/c++/9/bits/shared_ptr_base.h:679:16:[m[K   required from ‘[01m[Kstd::__shared_count<_Lp>::__shared_count(_Tp*&, std::_Sp_alloc_shared_tag<_Alloc>, _Args&& ...) [with _Tp = TopicSubscribe01; _Alloc = std::allocator<TopicSubscribe01>; _Args = {const char (&)[19]}; __gnu_cxx::_Lock_policy _Lp = __gnu_cxx::_S_atomic][m[K’
[01m[K/usr/include/c++/9/bits/shared_ptr_base.h:1344:71:[m[K   required from ‘[01m[Kstd::__shared_ptr<_Tp, _Lp>::__shared_ptr(std::_Sp_alloc_shared_tag<_Tp>, _Args&& ...) [with _Alloc = std::allocator<TopicSubscribe01>; _Args = {const char (&)[19]}; _Tp = TopicSubscribe01; __gnu_cxx::_Lock_policy _Lp = __gnu_cxx::_S_atomic][m[K’
[01m[K/usr/include/c++/9/bits/shared_ptr.h:359:59:[m[K   required from ‘[01m[Kstd::shared_ptr<_Tp>::shared_ptr(std::_Sp_alloc_shared_tag<_Tp>, _Args&& ...) [with _Alloc = std::allocator<TopicSubscribe01>; _Args = {const char (&)[19]}; _Tp = TopicSubscribe01][m[K’
[01m[K/usr/include/c++/9/bits/shared_ptr.h:701:14:[m[K   required from ‘[01m[Kstd::shared_ptr<_Tp> std::allocate_shared(const _Alloc&, _Args&& ...) [with _Tp = TopicSubscribe01; _Alloc = std::allocator<TopicSubscribe01>; _Args = {const char (&)[19]}][m[K’
[01m[K/usr/include/c++/9/bits/shared_ptr.h:717:39:[m[K   required from ‘[01m[Kstd::shared_ptr<_Tp> std::make_shared(_Args&& ...) [with _Tp = TopicSubscribe01; _Args = {const char (&)[19]}][m[K’
[01m[K/home/QiangLi/learn/d2lros2/chapt3/chapt3_ws/src/example_topic_rclcpp/src/topic_subscribe_01.cpp:24:70:[m[K   required from here
[01m[K/usr/include/c++/9/ext/new_allocator.h:146:4:[m[K [01;31m[Kerror: [m[K‘[01m[KTopicSubscribe01::TopicSubscribe01(std::string)[m[K’ is private within this context
  146 |  { [01;31m[K::new((void *)__p) _Up(std::forward<_Args>(__args)...)[m[K; }
      |    [01;31m[K^~~~~~~~~~~~~~~~~~~~~~~~~~~~~~~~~~~~~~~~~~~~~~~~~~~~~~[m[K
[01m[K/home/QiangLi/learn/d2lros2/chapt3/chapt3_ws/src/example_topic_rclcpp/src/topic_subscribe_01.cpp:12:3:[m[K [01;36m[Knote: [m[Kdeclared private here
   12 |   [01;36m[KTopicSubscribe01[m[K(std::string name) : Node(name) {
      |   [01;36m[K^~~~~~~~~~~~~~~~[m[K
make[2]: *** [CMakeFiles/topic_subscribe_01.dir/build.make:63：CMakeFiles/topic_subscribe_01.dir/src/topic_subscribe_01.cpp.o] 错误 1
make[1]: *** [CMakeFiles/Makefile2:134：CMakeFiles/topic_subscribe_01.dir/all] 错误 2
make: *** [Makefile:141：all] 错误 2
