[0.020s] Invoking command in '/home/QiangLi/learn/d2lros2/chapt3/chapt3_ws/build/example_topic_rclcpp': CMAKE_PREFIX_PATH=${CMAKE_PREFIX_PATH}:/opt/ros/foxy _=/usr/bin/env /usr/bin/cmake --build /home/QiangLi/learn/d2lros2/chapt3/chapt3_ws/build/example_topic_rclcpp -- -j40 -l40
[0.084s] -- Found ament_cmake: 0.9.12 (/opt/ros/foxy/share/ament_cmake/cmake)
[0.127s] -- Using PYTHON_EXECUTABLE: /usr/bin/python3
[0.349s] -- Found rclcpp: 2.4.3 (/opt/ros/foxy/share/rclcpp/cmake)
[0.386s] -- Using all available rosidl_typesupport_c: rosidl_typesupport_fastrtps_c;rosidl_typesupport_introspection_c
[0.389s] -- Found rosidl_adapter: 1.3.1 (/opt/ros/foxy/share/rosidl_adapter/cmake)
[0.507s] -- Using all available rosidl_typesupport_cpp: rosidl_typesupport_fastrtps_cpp;rosidl_typesupport_introspection_cpp
[0.553s] -- Found rmw_implementation_cmake: 1.0.4 (/opt/ros/foxy/share/rmw_implementation_cmake/cmake)
[0.554s] -- Using RMW implementation 'rmw_fastrtps_cpp' as default
[0.691s] -- Found ament_lint_auto: 0.9.8 (/opt/ros/foxy/share/ament_lint_auto/cmake)
[0.786s] -- Added test 'copyright' to check source files copyright and LICENSE
[0.788s] -- Added test 'cppcheck' to perform static code analysis on C / C++ code
[0.788s] -- Configured cppcheck include dirs: 
[0.788s] -- Configured cppcheck exclude dirs and/or files: 
[0.788s] -- Added test 'cpplint' to check C / C++ code against the Google style
[0.789s] -- Configured cpplint exclude dirs and/or files: 
[0.789s] -- Added test 'lint_cmake' to check CMake code style
[0.790s] -- Added test 'uncrustify' to check C / C++ code style
[0.791s] -- Configured uncrustify additional arguments: 
[0.791s] -- Added test 'xmllint' to check XML markup files
[0.796s] -- Configuring done
[0.806s] -- Generating done
[0.808s] -- Build files have been written to: /home/QiangLi/learn/d2lros2/chapt3/chapt3_ws/build/example_topic_rclcpp
[0.858s] [35m[1mScanning dependencies of target topic_subscribe_01[0m
[0.905s] [ 25%] [32mBuilding CXX object CMakeFiles/topic_subscribe_01.dir/src/topic_subscribe_01.cpp.o[0m
[0.922s] [ 75%] Built target topic_publisher_01
[2.254s] In file included from [01m[K/usr/include/x86_64-linux-gnu/c++/9/bits/c++allocator.h:33[m[K,
[2.254s]                  from [01m[K/usr/include/c++/9/bits/allocator.h:46[m[K,
[2.254s]                  from [01m[K/usr/include/c++/9/memory:63[m[K,
[2.255s]                  from [01m[K/opt/ros/foxy/include/rclcpp/rclcpp.hpp:144[m[K,
[2.255s]                  from [01m[K/home/QiangLi/learn/d2lros2/chapt3/chapt3_ws/src/example_topic_rclcpp/src/topic_subscribe_01.cpp:8[m[K:
[2.255s] /usr/include/c++/9/ext/new_allocator.h: In instantiation of ‘[01m[Kvoid __gnu_cxx::new_allocator<_Tp>::construct(_Up*, _Args&& ...) [with _Up = TopicSubscribe01; _Args = {const char (&)[19]}; _Tp = TopicSubscribe01][m[K’:
[2.255s] [01m[K/usr/include/c++/9/bits/alloc_traits.h:483:4:[m[K   required from ‘[01m[Kstatic void std::allocator_traits<std::allocator<_Tp1> >::construct(std::allocator_traits<std::allocator<_Tp1> >::allocator_type&, _Up*, _Args&& ...) [with _Up = TopicSubscribe01; _Args = {const char (&)[19]}; _Tp = TopicSubscribe01; std::allocator_traits<std::allocator<_Tp1> >::allocator_type = std::allocator<TopicSubscribe01>][m[K’
[2.255s] [01m[K/usr/include/c++/9/bits/shared_ptr_base.h:548:39:[m[K   required from ‘[01m[Kstd::_Sp_counted_ptr_inplace<_Tp, _Alloc, _Lp>::_Sp_counted_ptr_inplace(_Alloc, _Args&& ...) [with _Args = {const char (&)[19]}; _Tp = TopicSubscribe01; _Alloc = std::allocator<TopicSubscribe01>; __gnu_cxx::_Lock_policy _Lp = __gnu_cxx::_S_atomic][m[K’
[2.256s] [01m[K/usr/include/c++/9/bits/shared_ptr_base.h:679:16:[m[K   required from ‘[01m[Kstd::__shared_count<_Lp>::__shared_count(_Tp*&, std::_Sp_alloc_shared_tag<_Alloc>, _Args&& ...) [with _Tp = TopicSubscribe01; _Alloc = std::allocator<TopicSubscribe01>; _Args = {const char (&)[19]}; __gnu_cxx::_Lock_policy _Lp = __gnu_cxx::_S_atomic][m[K’
[2.256s] [01m[K/usr/include/c++/9/bits/shared_ptr_base.h:1344:71:[m[K   required from ‘[01m[Kstd::__shared_ptr<_Tp, _Lp>::__shared_ptr(std::_Sp_alloc_shared_tag<_Tp>, _Args&& ...) [with _Alloc = std::allocator<TopicSubscribe01>; _Args = {const char (&)[19]}; _Tp = TopicSubscribe01; __gnu_cxx::_Lock_policy _Lp = __gnu_cxx::_S_atomic][m[K’
[2.256s] [01m[K/usr/include/c++/9/bits/shared_ptr.h:359:59:[m[K   required from ‘[01m[Kstd::shared_ptr<_Tp>::shared_ptr(std::_Sp_alloc_shared_tag<_Tp>, _Args&& ...) [with _Alloc = std::allocator<TopicSubscribe01>; _Args = {const char (&)[19]}; _Tp = TopicSubscribe01][m[K’
[2.256s] [01m[K/usr/include/c++/9/bits/shared_ptr.h:701:14:[m[K   required from ‘[01m[Kstd::shared_ptr<_Tp> std::allocate_shared(const _Alloc&, _Args&& ...) [with _Tp = TopicSubscribe01; _Alloc = std::allocator<TopicSubscribe01>; _Args = {const char (&)[19]}][m[K’
[2.257s] [01m[K/usr/include/c++/9/bits/shared_ptr.h:717:39:[m[K   required from ‘[01m[Kstd::shared_ptr<_Tp> std::make_shared(_Args&& ...) [with _Tp = TopicSubscribe01; _Args = {const char (&)[19]}][m[K’
[2.257s] [01m[K/home/QiangLi/learn/d2lros2/chapt3/chapt3_ws/src/example_topic_rclcpp/src/topic_subscribe_01.cpp:24:70:[m[K   required from here
[2.257s] [01m[K/usr/include/c++/9/ext/new_allocator.h:146:4:[m[K [01;31m[Kerror: [m[K‘[01m[KTopicSubscribe01::TopicSubscribe01(std::string)[m[K’ is private within this context
[2.257s]   146 |  { [01;31m[K::new((void *)__p) _Up(std::forward<_Args>(__args)...)[m[K; }
[2.257s]       |    [01;31m[K^~~~~~~~~~~~~~~~~~~~~~~~~~~~~~~~~~~~~~~~~~~~~~~~~~~~~~[m[K
[2.258s] [01m[K/home/QiangLi/learn/d2lros2/chapt3/chapt3_ws/src/example_topic_rclcpp/src/topic_subscribe_01.cpp:12:3:[m[K [01;36m[Knote: [m[Kdeclared private here
[2.258s]    12 |   [01;36m[KTopicSubscribe01[m[K(std::string name) : Node(name) {
[2.258s]       |   [01;36m[K^~~~~~~~~~~~~~~~[m[K
[2.312s] make[2]: *** [CMakeFiles/topic_subscribe_01.dir/build.make:63：CMakeFiles/topic_subscribe_01.dir/src/topic_subscribe_01.cpp.o] 错误 1
[2.312s] make[1]: *** [CMakeFiles/Makefile2:134：CMakeFiles/topic_subscribe_01.dir/all] 错误 2
[2.312s] make: *** [Makefile:141：all] 错误 2
[2.317s] Invoked command in '/home/QiangLi/learn/d2lros2/chapt3/chapt3_ws/build/example_topic_rclcpp' returned '2': CMAKE_PREFIX_PATH=${CMAKE_PREFIX_PATH}:/opt/ros/foxy _=/usr/bin/env /usr/bin/cmake --build /home/QiangLi/learn/d2lros2/chapt3/chapt3_ws/build/example_topic_rclcpp -- -j40 -l40
