[35m[1mScanning dependencies of target service_client_01[0m
[ 50%] Built target service_server_01
[ 75%] [32mBuilding CXX object CMakeFiles/service_client_01.dir/src/service_client_01.cpp.o[0m
[01m[K/home/QiangLi/learn/d2lros2/chapt3/chapt3_ws/src/example_service_rclcpp/src/service_client_01.cpp:[m[K In member function ‘[01m[Kvoid ServiceClient01::send_request(int, int)[m[K’:
[01m[K/home/QiangLi/learn/d2lros2/chapt3/chapt3_ws/src/example_service_rclcpp/src/service_client_01.cpp:31:10:[m[K [01;35m[Kwarning: [m[Kvariable ‘[01m[Kresult_callback[m[K’ set but not used [[01;35m[K-Wunused-but-set-variable[m[K]
   31 |     auto [01;35m[Kresult_callback[m[K = std::bind(&ServiceClient01::result_callback_, this,
      |          [01;35m[K^~~~~~~~~~~~~~~[m[K
[100%] [32m[1mLinking CXX executable service_client_01[0m
[100%] Built target service_client_01
-- Install configuration: ""
-- Up-to-date: /home/QiangLi/learn/d2lros2/chapt3/chapt3_ws/install/example_service_rclcpp/share/ament_index/resource_index/package_run_dependencies/example_service_rclcpp
-- Up-to-date: /home/QiangLi/learn/d2lros2/chapt3/chapt3_ws/install/example_service_rclcpp/share/ament_index/resource_index/parent_prefix_path/example_service_rclcpp
-- Up-to-date: /home/QiangLi/learn/d2lros2/chapt3/chapt3_ws/install/example_service_rclcpp/share/example_service_rclcpp/environment/ament_prefix_path.sh
-- Up-to-date: /home/QiangLi/learn/d2lros2/chapt3/chapt3_ws/install/example_service_rclcpp/share/example_service_rclcpp/environment/ament_prefix_path.dsv
-- Up-to-date: /home/QiangLi/learn/d2lros2/chapt3/chapt3_ws/install/example_service_rclcpp/share/example_service_rclcpp/environment/path.sh
-- Up-to-date: /home/QiangLi/learn/d2lros2/chapt3/chapt3_ws/install/example_service_rclcpp/share/example_service_rclcpp/environment/path.dsv
-- Up-to-date: /home/QiangLi/learn/d2lros2/chapt3/chapt3_ws/install/example_service_rclcpp/share/example_service_rclcpp/local_setup.bash
-- Up-to-date: /home/QiangLi/learn/d2lros2/chapt3/chapt3_ws/install/example_service_rclcpp/share/example_service_rclcpp/local_setup.sh
-- Up-to-date: /home/QiangLi/learn/d2lros2/chapt3/chapt3_ws/install/example_service_rclcpp/share/example_service_rclcpp/local_setup.zsh
-- Up-to-date: /home/QiangLi/learn/d2lros2/chapt3/chapt3_ws/install/example_service_rclcpp/share/example_service_rclcpp/local_setup.dsv
-- Installing: /home/QiangLi/learn/d2lros2/chapt3/chapt3_ws/install/example_service_rclcpp/share/example_service_rclcpp/package.dsv
-- Up-to-date: /home/QiangLi/learn/d2lros2/chapt3/chapt3_ws/install/example_service_rclcpp/share/ament_index/resource_index/packages/example_service_rclcpp
-- Up-to-date: /home/QiangLi/learn/d2lros2/chapt3/chapt3_ws/install/example_service_rclcpp/share/example_service_rclcpp/cmake/example_service_rclcppConfig.cmake
-- Up-to-date: /home/QiangLi/learn/d2lros2/chapt3/chapt3_ws/install/example_service_rclcpp/share/example_service_rclcpp/cmake/example_service_rclcppConfig-version.cmake
-- Up-to-date: /home/QiangLi/learn/d2lros2/chapt3/chapt3_ws/install/example_service_rclcpp/share/example_service_rclcpp/package.xml
-- Up-to-date: /home/QiangLi/learn/d2lros2/chapt3/chapt3_ws/install/example_service_rclcpp/lib/example_service_rclcpp/service_server_01
-- Installing: /home/QiangLi/learn/d2lros2/chapt3/chapt3_ws/install/example_service_rclcpp/lib/example_service_rclcpp/service_client_01
-- Set runtime path of "/home/QiangLi/learn/d2lros2/chapt3/chapt3_ws/install/example_service_rclcpp/lib/example_service_rclcpp/service_client_01" to ""
