[0.020s] Invoking command in '/home/QiangLi/learn/d2lros2/chapt3/chapt3_ws/build/example_service_rclcpp': CMAKE_PREFIX_PATH=${CMAKE_PREFIX_PATH}:/opt/ros/foxy _=/usr/bin/env /usr/bin/cmake --build /home/QiangLi/learn/d2lros2/chapt3/chapt3_ws/build/example_service_rclcpp -- -j40 -l40
[0.113s] [35m[1mScanning dependencies of target service_client_01[0m
[0.163s] [ 50%] Built target service_server_01
[0.167s] [ 75%] [32mBuilding CXX object CMakeFiles/service_client_01.dir/src/service_client_01.cpp.o[0m
[1.289s] [01m[K/home/QiangLi/learn/d2lros2/chapt3/chapt3_ws/src/example_service_rclcpp/src/service_client_01.cpp:[m[K In member function ‘[01m[Kvoid ServiceClient01::send_request(int, int)[m[K’:
[1.290s] [01m[K/home/QiangLi/learn/d2lros2/chapt3/chapt3_ws/src/example_service_rclcpp/src/service_client_01.cpp:31:10:[m[K [01;35m[Kwarning: [m[Kvariable ‘[01m[Kresult_callback[m[K’ set but not used [[01;35m[K-Wunused-but-set-variable[m[K]
[1.290s]    31 |     auto [01;35m[Kresult_callback[m[K = std::bind(&ServiceClient01::result_callback_, this,
[1.290s]       |          [01;35m[K^~~~~~~~~~~~~~~[m[K
[2.476s] [100%] [32m[1mLinking CXX executable service_client_01[0m
[2.653s] [100%] Built target service_client_01
[2.683s] Invoked command in '/home/QiangLi/learn/d2lros2/chapt3/chapt3_ws/build/example_service_rclcpp' returned '0': CMAKE_PREFIX_PATH=${CMAKE_PREFIX_PATH}:/opt/ros/foxy _=/usr/bin/env /usr/bin/cmake --build /home/QiangLi/learn/d2lros2/chapt3/chapt3_ws/build/example_service_rclcpp -- -j40 -l40
[2.824s] Invoking command in '/home/QiangLi/learn/d2lros2/chapt3/chapt3_ws/build/example_service_rclcpp': CMAKE_PREFIX_PATH=${CMAKE_PREFIX_PATH}:/opt/ros/foxy _=/usr/bin/env /usr/bin/cmake --install /home/QiangLi/learn/d2lros2/chapt3/chapt3_ws/build/example_service_rclcpp
[2.840s] -- Install configuration: ""
[2.841s] -- Up-to-date: /home/QiangLi/learn/d2lros2/chapt3/chapt3_ws/install/example_service_rclcpp/share/ament_index/resource_index/package_run_dependencies/example_service_rclcpp
[2.842s] -- Up-to-date: /home/QiangLi/learn/d2lros2/chapt3/chapt3_ws/install/example_service_rclcpp/share/ament_index/resource_index/parent_prefix_path/example_service_rclcpp
[2.842s] -- Up-to-date: /home/QiangLi/learn/d2lros2/chapt3/chapt3_ws/install/example_service_rclcpp/share/example_service_rclcpp/environment/ament_prefix_path.sh
[2.842s] -- Up-to-date: /home/QiangLi/learn/d2lros2/chapt3/chapt3_ws/install/example_service_rclcpp/share/example_service_rclcpp/environment/ament_prefix_path.dsv
[2.843s] -- Up-to-date: /home/QiangLi/learn/d2lros2/chapt3/chapt3_ws/install/example_service_rclcpp/share/example_service_rclcpp/environment/path.sh
[2.843s] -- Up-to-date: /home/QiangLi/learn/d2lros2/chapt3/chapt3_ws/install/example_service_rclcpp/share/example_service_rclcpp/environment/path.dsv
[2.844s] -- Up-to-date: /home/QiangLi/learn/d2lros2/chapt3/chapt3_ws/install/example_service_rclcpp/share/example_service_rclcpp/local_setup.bash
[2.844s] -- Up-to-date: /home/QiangLi/learn/d2lros2/chapt3/chapt3_ws/install/example_service_rclcpp/share/example_service_rclcpp/local_setup.sh
[2.848s] -- Up-to-date: /home/QiangLi/learn/d2lros2/chapt3/chapt3_ws/install/example_service_rclcpp/share/example_service_rclcpp/local_setup.zsh
[2.849s] -- Up-to-date: /home/QiangLi/learn/d2lros2/chapt3/chapt3_ws/install/example_service_rclcpp/share/example_service_rclcpp/local_setup.dsv
[2.850s] -- Installing: /home/QiangLi/learn/d2lros2/chapt3/chapt3_ws/install/example_service_rclcpp/share/example_service_rclcpp/package.dsv
[2.852s] -- Up-to-date: /home/QiangLi/learn/d2lros2/chapt3/chapt3_ws/install/example_service_rclcpp/share/ament_index/resource_index/packages/example_service_rclcpp
[2.853s] -- Up-to-date: /home/QiangLi/learn/d2lros2/chapt3/chapt3_ws/install/example_service_rclcpp/share/example_service_rclcpp/cmake/example_service_rclcppConfig.cmake
[2.853s] -- Up-to-date: /home/QiangLi/learn/d2lros2/chapt3/chapt3_ws/install/example_service_rclcpp/share/example_service_rclcpp/cmake/example_service_rclcppConfig-version.cmake
[2.853s] -- Up-to-date: /home/QiangLi/learn/d2lros2/chapt3/chapt3_ws/install/example_service_rclcpp/share/example_service_rclcpp/package.xml
[2.855s] -- Up-to-date: /home/QiangLi/learn/d2lros2/chapt3/chapt3_ws/install/example_service_rclcpp/lib/example_service_rclcpp/service_server_01
[2.855s] -- Installing: /home/QiangLi/learn/d2lros2/chapt3/chapt3_ws/install/example_service_rclcpp/lib/example_service_rclcpp/service_client_01
[2.856s] -- Set runtime path of "/home/QiangLi/learn/d2lros2/chapt3/chapt3_ws/install/example_service_rclcpp/lib/example_service_rclcpp/service_client_01" to ""
[2.857s] Invoked command in '/home/QiangLi/learn/d2lros2/chapt3/chapt3_ws/build/example_service_rclcpp' returned '0': CMAKE_PREFIX_PATH=${CMAKE_PREFIX_PATH}:/opt/ros/foxy _=/usr/bin/env /usr/bin/cmake --install /home/QiangLi/learn/d2lros2/chapt3/chapt3_ws/build/example_service_rclcpp
