[0.021s] Invoking command in '/home/QiangLi/learn/d2lros2/chapt3/chapt3_ws/build/example_service_rclcpp': CMAKE_PREFIX_PATH=${CMAKE_PREFIX_PATH}:/opt/ros/foxy _=/usr/bin/env /usr/bin/cmake --build /home/QiangLi/learn/d2lros2/chapt3/chapt3_ws/build/example_service_rclcpp -- -j40 -l40
[0.136s] [35m[1mScanning dependencies of target service_client_01[0m
[0.178s] [ 25%] [32mBuilding CXX object CMakeFiles/service_client_01.dir/src/service_client_01.cpp.o[0m
[0.184s] [ 75%] Built target service_server_01
[1.288s] [01m[K/home/QiangLi/learn/d2lros2/chapt3/chapt3_ws/src/example_service_rclcpp/src/service_client_01.cpp:43:47:[m[K [01;31m[Kerror: [m[K‘[01m[KAssTwoInts[m[K’ is not a member of ‘[01m[Kexample_interfaces::srv[m[K’; did you mean ‘[01m[KAddTwoInts[m[K’?
[1.288s]    43 |       rclcpp::Client<example_interfaces::srv::[01;31m[KAssTwoInts[m[K>::SharedFuture
[1.288s]       |                                               [01;31m[K^~~~~~~~~~[m[K
[1.289s]       |                                               [32m[KAddTwoInts[m[K
[1.289s] [01m[K/home/QiangLi/learn/d2lros2/chapt3/chapt3_ws/src/example_service_rclcpp/src/service_client_01.cpp:43:47:[m[K [01;31m[Kerror: [m[K‘[01m[KAssTwoInts[m[K’ is not a member of ‘[01m[Kexample_interfaces::srv[m[K’; did you mean ‘[01m[KAddTwoInts[m[K’?
[1.289s]    43 |       rclcpp::Client<example_interfaces::srv::[01;31m[KAssTwoInts[m[K>::SharedFuture
[1.289s]       |                                               [01;31m[K^~~~~~~~~~[m[K
[1.290s]       |                                               [32m[KAddTwoInts[m[K
[1.290s] [01m[K/home/QiangLi/learn/d2lros2/chapt3/chapt3_ws/src/example_service_rclcpp/src/service_client_01.cpp:43:57:[m[K [01;31m[Kerror: [m[Ktemplate argument 1 is invalid
[1.290s]    43 |       rclcpp::Client<example_interfaces::srv::AssTwoInts[01;31m[K>[m[K::SharedFuture
[1.290s]       |                                                         [01;31m[K^[m[K
[1.290s] [01m[K/home/QiangLi/learn/d2lros2/chapt3/chapt3_ws/src/example_service_rclcpp/src/service_client_01.cpp:44:11:[m[K [01;31m[Kerror: [m[Kexpected ‘[01m[K,[m[K’ or ‘[01m[K...[m[K’ before ‘[01m[Kresult_feature[m[K’
[1.291s]    44 |           [01;31m[Kresult_feature[m[K) {
[1.291s]       |           [01;31m[K^~~~~~~~~~~~~~[m[K
[1.291s] [01m[K/home/QiangLi/learn/d2lros2/chapt3/chapt3_ws/src/example_service_rclcpp/src/service_client_01.cpp:[m[K In member function ‘[01m[Kvoid ServiceClient01::send_request(int, int)[m[K’:
[1.291s] [01m[K/home/QiangLi/learn/d2lros2/chapt3/chapt3_ws/src/example_service_rclcpp/src/service_client_01.cpp:15:13:[m[K [01;31m[Kerror: [m[K‘[01m[Kclient[m[K’ was not declared in this scope; did you mean ‘[01m[Kclient_[m[K’?
[1.292s]    15 |     while (![01;31m[Kclient[m[K->wait_for_service(std::chrono::seconds(1))) {
[1.292s]       |             [01;31m[K^~~~~~[m[K
[1.292s]       |             [32m[Kclient_[m[K
[1.302s] [01m[K/home/QiangLi/learn/d2lros2/chapt3/chapt3_ws/src/example_service_rclcpp/src/service_client_01.cpp:36:71:[m[K [01;31m[Kerror: [m[Kno matching function for call to ‘[01m[Krclcpp::Client<example_interfaces::srv::AddTwoInts>::async_send_request(std::shared_ptr<example_interfaces::srv::AddTwoInts_Request_<std::allocator<void> > >&, std::_Bind_helper<false, void (ServiceClient01::*)(int), ServiceClient01*, const std::_Placeholder<1>&>::type)[m[K’
[1.302s]    36 |                                           this, std::placeholders::_1)[01;31m[K)[m[K;
[1.303s]       |                                                                       [01;31m[K^[m[K
[1.303s] In file included from [01m[K/opt/ros/foxy/include/rclcpp/callback_group.hpp:23[m[K,
[1.303s]                  from [01m[K/opt/ros/foxy/include/rclcpp/any_executable.hpp:20[m[K,
[1.303s]                  from [01m[K/opt/ros/foxy/include/rclcpp/memory_strategy.hpp:24[m[K,
[1.303s]                  from [01m[K/opt/ros/foxy/include/rclcpp/memory_strategies.hpp:18[m[K,
[1.304s]                  from [01m[K/opt/ros/foxy/include/rclcpp/executor_options.hpp:20[m[K,
[1.304s]                  from [01m[K/opt/ros/foxy/include/rclcpp/executor.hpp:33[m[K,
[1.304s]                  from [01m[K/opt/ros/foxy/include/rclcpp/executors/multi_threaded_executor.hpp:26[m[K,
[1.304s]                  from [01m[K/opt/ros/foxy/include/rclcpp/executors.hpp:21[m[K,
[1.305s]                  from [01m[K/opt/ros/foxy/include/rclcpp/rclcpp.hpp:146[m[K,
[1.305s]                  from [01m[K/home/QiangLi/learn/d2lros2/chapt3/chapt3_ws/src/example_service_rclcpp/src/service_client_01.cpp:2[m[K:
[1.306s] [01m[K/opt/ros/foxy/include/rclcpp/client.hpp:318:3:[m[K [01;36m[Knote: [m[Kcandidate: ‘[01m[Krclcpp::Client<ServiceT>::SharedFuture rclcpp::Client<ServiceT>::async_send_request(rclcpp::Client<ServiceT>::SharedRequest) [with ServiceT = example_interfaces::srv::AddTwoInts; rclcpp::Client<ServiceT>::SharedFuture = std::shared_future<std::shared_ptr<example_interfaces::srv::AddTwoInts_Response_<std::allocator<void> > > >; typename ServiceT::Response::SharedPtr = std::shared_ptr<example_interfaces::srv::AddTwoInts_Response_<std::allocator<void> > >; rclcpp::Client<ServiceT>::SharedRequest = std::shared_ptr<example_interfaces::srv::AddTwoInts_Request_<std::allocator<void> > >][m[K’
[1.306s]   318 |   [01;36m[Kasync_send_request[m[K(SharedRequest request)
[1.306s]       |   [01;36m[K^~~~~~~~~~~~~~~~~~[m[K
[1.306s] [01m[K/opt/ros/foxy/include/rclcpp/client.hpp:318:3:[m[K [01;36m[Knote: [m[K  candidate expects 1 argument, 2 provided
[1.307s] [01m[K/opt/ros/foxy/include/rclcpp/client.hpp:333:3:[m[K [01;36m[Knote: [m[Kcandidate: ‘[01m[Ktemplate<class CallbackT, typename std::enable_if<rclcpp::function_traits::same_arguments<CallbackT, std::function<void(std::shared_future<std::shared_ptr<example_interfaces::srv::AddTwoInts_Response_<std::allocator<void> > > >)> >::value, void>::type* <anonymous> > rclcpp::Client<ServiceT>::SharedFuture rclcpp::Client<ServiceT>::async_send_request(rclcpp::Client<ServiceT>::SharedRequest, CallbackT&&) [with CallbackT = CallbackT; typename std::enable_if<rclcpp::function_traits::same_arguments<CallbackT, std::function<void(std::shared_future<typename ServiceT::Response::SharedPtr>)> >::value>::type* <anonymous> = <enumerator>; ServiceT = example_interfaces::srv::AddTwoInts][m[K’
[1.307s]   333 |   [01;36m[Kasync_send_request[m[K(SharedRequest request, CallbackT && cb)
[1.307s]       |   [01;36m[K^~~~~~~~~~~~~~~~~~[m[K
[1.307s] [01m[K/opt/ros/foxy/include/rclcpp/client.hpp:333:3:[m[K [01;36m[Knote: [m[K  template argument deduction/substitution failed:
[1.307s] [01m[K/opt/ros/foxy/include/rclcpp/client.hpp:330:17:[m[K [01;31m[Kerror: [m[Kno type named ‘[01m[Ktype[m[K’ in ‘[01m[Kstruct std::enable_if<false, void>[m[K’
[1.308s]   330 |     >::type * = [01;31m[Knullptr[m[K
[1.308s]       |                 [01;31m[K^~~~~~~[m[K
[1.308s] [01m[K/opt/ros/foxy/include/rclcpp/client.hpp:359:3:[m[K [01;36m[Knote: [m[Kcandidate: ‘[01m[Ktemplate<class CallbackT, typename std::enable_if<rclcpp::function_traits::same_arguments<CallbackT, std::function<void(std::shared_future<std::pair<std::shared_ptr<example_interfaces::srv::AddTwoInts_Request_<std::allocator<void> > >, std::shared_ptr<example_interfaces::srv::AddTwoInts_Response_<std::allocator<void> > > > >)> >::value, void>::type* <anonymous> > rclcpp::Client<ServiceT>::SharedFutureWithRequest rclcpp::Client<ServiceT>::async_send_request(rclcpp::Client<ServiceT>::SharedRequest, CallbackT&&) [with CallbackT = CallbackT; typename std::enable_if<rclcpp::function_traits::same_arguments<CallbackT, std::function<void(std::shared_future<std::pair<typename ServiceT::Request::SharedPtr, typename ServiceT::Response::SharedPtr> >)> >::value>::type* <anonymous> = <enumerator>; ServiceT = example_interfaces::srv::AddTwoInts][m[K’
[1.308s]   359 |   [01;36m[Kasync_send_request[m[K(SharedRequest request, CallbackT && cb)
[1.309s]       |   [01;36m[K^~~~~~~~~~~~~~~~~~[m[K
[1.309s] [01m[K/opt/ros/foxy/include/rclcpp/client.hpp:359:3:[m[K [01;36m[Knote: [m[K  template argument deduction/substitution failed:
[1.309s] [01m[K/opt/ros/foxy/include/rclcpp/client.hpp:356:17:[m[K [01;31m[Kerror: [m[Kno type named ‘[01m[Ktype[m[K’ in ‘[01m[Kstruct std::enable_if<false, void>[m[K’
[1.309s]   356 |     >::type * = [01;31m[Knullptr[m[K
[1.309s]       |                 [01;31m[K^~~~~~~[m[K
[1.310s] [01m[K/home/QiangLi/learn/d2lros2/chapt3/chapt3_ws/src/example_service_rclcpp/src/service_client_01.cpp:[m[K In member function ‘[01m[Kvoid ServiceClient01::result_callback_(int)[m[K’:
[1.310s] [01m[K/home/QiangLi/learn/d2lros2/chapt3/chapt3_ws/src/example_service_rclcpp/src/service_client_01.cpp:45:21:[m[K [01;31m[Kerror: [m[K‘[01m[Kresult_feature[m[K’ was not declared in this scope
[1.310s]    45 |     auto response = [01;31m[Kresult_feature[m[K.get();
[1.310s]       |                     [01;31m[K^~~~~~~~~~~~~~[m[K
[1.310s] [01m[K/home/QiangLi/learn/d2lros2/chapt3/chapt3_ws/src/example_service_rclcpp/src/service_client_01.cpp:43:60:[m[K [01;35m[Kwarning: [m[Kunused parameter ‘[01m[KSharedFuture[m[K’ [[01;35m[K-Wunused-parameter[m[K]
[1.311s]    43 |       [01;35m[Krclcpp::Client<example_interfaces::srv::AssTwoInts>::SharedFuture[m[K
[1.311s]       |       [01;35m[K~~~~~~~~~~~~~~~~~~~~~~~~~~~~~~~~~~~~~~~~~~~~~~~~~~~~~^~~~~~~~~~~~[m[K
[1.741s] make[2]: *** [CMakeFiles/service_client_01.dir/build.make:63：CMakeFiles/service_client_01.dir/src/service_client_01.cpp.o] 错误 1
[1.741s] make[1]: *** [CMakeFiles/Makefile2:80：CMakeFiles/service_client_01.dir/all] 错误 2
[1.742s] make: *** [Makefile:141：all] 错误 2
[1.748s] Invoked command in '/home/QiangLi/learn/d2lros2/chapt3/chapt3_ws/build/example_service_rclcpp' returned '2': CMAKE_PREFIX_PATH=${CMAKE_PREFIX_PATH}:/opt/ros/foxy _=/usr/bin/env /usr/bin/cmake --build /home/QiangLi/learn/d2lros2/chapt3/chapt3_ws/build/example_service_rclcpp -- -j40 -l40
