[35m[1mScanning dependencies of target service_client_01[0m
[35m[1mScanning dependencies of target service_server_01[0m
[ 25%] [32mBuilding CXX object CMakeFiles/service_client_01.dir/src/service_client_01.cpp.o[0m
[ 50%] [32mBuilding CXX object CMakeFiles/service_server_01.dir/src/service_server_01.cpp.o[0m
[01m[K/home/QiangLi/learn/d2lros2/chapt3/chapt3_ws/src/example_service_rclcpp/src/service_client_01.cpp:[m[K In constructor ‘[01m[KServiceClient01::ServiceClient01(std::string)[m[K’:
[01m[K/home/QiangLi/learn/d2lros2/chapt3/chapt3_ws/src/example_service_rclcpp/src/service_client_01.cpp:5:49:[m[K [01;31m[Kerror: [m[K‘[01m[Kname[m[K’ was not declared in this scope; did you mean ‘[01m[Krosidl_generator_traits::name[m[K’?
    5 |   ServiceClient01(std::string node_name) : Node([01;31m[Kname[m[K) {
      |                                                 [01;31m[K^~~~[m[K
      |                                                 [32m[Krosidl_generator_traits::name[m[K
In file included from [01m[K/opt/ros/foxy/include/builtin_interfaces/msg/detail/duration__traits.hpp:9[m[K,
                 from [01m[K/opt/ros/foxy/include/builtin_interfaces/msg/duration.hpp:9[m[K,
                 from [01m[K/opt/ros/foxy/include/rclcpp/duration.hpp:20[m[K,
                 from [01m[K/opt/ros/foxy/include/rclcpp/qos.hpp:20[m[K,
                 from [01m[K/opt/ros/foxy/include/rclcpp/node_interfaces/node_graph_interface.hpp:31[m[K,
                 from [01m[K/opt/ros/foxy/include/rclcpp/client.hpp:34[m[K,
                 from [01m[K/opt/ros/foxy/include/rclcpp/callback_group.hpp:23[m[K,
                 from [01m[K/opt/ros/foxy/include/rclcpp/any_executable.hpp:20[m[K,
                 from [01m[K/opt/ros/foxy/include/rclcpp/memory_strategy.hpp:24[m[K,
                 from [01m[K/opt/ros/foxy/include/rclcpp/memory_strategies.hpp:18[m[K,
                 from [01m[K/opt/ros/foxy/include/rclcpp/executor_options.hpp:20[m[K,
                 from [01m[K/opt/ros/foxy/include/rclcpp/executor.hpp:33[m[K,
                 from [01m[K/opt/ros/foxy/include/rclcpp/executors/multi_threaded_executor.hpp:26[m[K,
                 from [01m[K/opt/ros/foxy/include/rclcpp/executors.hpp:21[m[K,
                 from [01m[K/opt/ros/foxy/include/rclcpp/rclcpp.hpp:146[m[K,
                 from [01m[K/home/QiangLi/learn/d2lros2/chapt3/chapt3_ws/src/example_service_rclcpp/src/service_client_01.cpp:1[m[K:
[01m[K/opt/ros/foxy/include/rosidl_runtime_cpp/traits.hpp:27:21:[m[K [01;36m[Knote: [m[K‘[01m[Krosidl_generator_traits::name[m[K’ declared here
   27 | inline const char * [01;36m[Kname[m[K();
      |                     [01;36m[K^~~~[m[K
[01m[K/home/QiangLi/learn/d2lros2/chapt3/chapt3_ws/src/example_service_rclcpp/src/service_server_01.cpp:[m[K In constructor ‘[01m[KServiceServer01::ServiceServer01(std::string)[m[K’:
[01m[K/home/QiangLi/learn/d2lros2/chapt3/chapt3_ws/src/example_service_rclcpp/src/service_server_01.cpp:5:49:[m[K [01;31m[Kerror: [m[K‘[01m[Kname[m[K’ was not declared in this scope; did you mean ‘[01m[Krosidl_generator_traits::name[m[K’?
    5 |   ServiceServer01(std::string node_name) : Node([01;31m[Kname[m[K) {
      |                                                 [01;31m[K^~~~[m[K
      |                                                 [32m[Krosidl_generator_traits::name[m[K
In file included from [01m[K/opt/ros/foxy/include/builtin_interfaces/msg/detail/duration__traits.hpp:9[m[K,
                 from [01m[K/opt/ros/foxy/include/builtin_interfaces/msg/duration.hpp:9[m[K,
                 from [01m[K/opt/ros/foxy/include/rclcpp/duration.hpp:20[m[K,
                 from [01m[K/opt/ros/foxy/include/rclcpp/qos.hpp:20[m[K,
                 from [01m[K/opt/ros/foxy/include/rclcpp/node_interfaces/node_graph_interface.hpp:31[m[K,
                 from [01m[K/opt/ros/foxy/include/rclcpp/client.hpp:34[m[K,
                 from [01m[K/opt/ros/foxy/include/rclcpp/callback_group.hpp:23[m[K,
                 from [01m[K/opt/ros/foxy/include/rclcpp/any_executable.hpp:20[m[K,
                 from [01m[K/opt/ros/foxy/include/rclcpp/memory_strategy.hpp:24[m[K,
                 from [01m[K/opt/ros/foxy/include/rclcpp/memory_strategies.hpp:18[m[K,
                 from [01m[K/opt/ros/foxy/include/rclcpp/executor_options.hpp:20[m[K,
                 from [01m[K/opt/ros/foxy/include/rclcpp/executor.hpp:33[m[K,
                 from [01m[K/opt/ros/foxy/include/rclcpp/executors/multi_threaded_executor.hpp:26[m[K,
                 from [01m[K/opt/ros/foxy/include/rclcpp/executors.hpp:21[m[K,
                 from [01m[K/opt/ros/foxy/include/rclcpp/rclcpp.hpp:146[m[K,
                 from [01m[K/home/QiangLi/learn/d2lros2/chapt3/chapt3_ws/src/example_service_rclcpp/src/service_server_01.cpp:1[m[K:
[01m[K/opt/ros/foxy/include/rosidl_runtime_cpp/traits.hpp:27:21:[m[K [01;36m[Knote: [m[K‘[01m[Krosidl_generator_traits::name[m[K’ declared here
   27 | inline const char * [01;36m[Kname[m[K();
      |                     [01;36m[K^~~~[m[K
make[2]: *** [CMakeFiles/service_client_01.dir/build.make:63：CMakeFiles/service_client_01.dir/src/service_client_01.cpp.o] 错误 1
make[1]: *** [CMakeFiles/Makefile2:80：CMakeFiles/service_client_01.dir/all] 错误 2
make[1]: *** 正在等待未完成的任务....
make[2]: *** [CMakeFiles/service_server_01.dir/build.make:63：CMakeFiles/service_server_01.dir/src/service_server_01.cpp.o] 错误 1
make[1]: *** [CMakeFiles/Makefile2:107：CMakeFiles/service_server_01.dir/all] 错误 2
make: *** [Makefile:141：all] 错误 2
