[0.231s] DEBUG:colcon:Command line arguments: ['/usr/bin/colcon', 'build', '--packages-select', 'example_service_rclcpp']
[0.231s] DEBUG:colcon:Parsed command line arguments: Namespace(allow_overriding=[], ament_cmake_args=None, base_paths=['.'], build_base='build', catkin_cmake_args=None, catkin_skip_building_tests=False, cmake_args=None, cmake_clean_cache=False, cmake_clean_first=False, cmake_force_configure=False, cmake_target=None, cmake_target_skip_unavailable=False, continue_on_error=False, event_handlers=None, executor='parallel', ignore_user_meta=False, install_base='install', log_base=None, log_level=None, main=<bound method BuildVerb.main of <colcon_core.verb.build.BuildVerb object at 0x7f177d58d0a0>>, merge_install=False, metas=['./colcon.meta'], packages_above=None, packages_above_and_dependencies=None, packages_above_depth=None, packages_end=None, packages_ignore=None, packages_ignore_regex=None, packages_select=['example_service_rclcpp'], packages_select_build_failed=False, packages_select_by_dep=None, packages_select_regex=None, packages_select_test_failures=False, packages_skip=None, packages_skip_build_finished=False, packages_skip_by_dep=None, packages_skip_regex=None, packages_skip_test_passed=False, packages_skip_up_to=None, packages_start=None, packages_up_to=None, packages_up_to_regex=None, parallel_workers=40, paths=None, symlink_install=False, test_result_base=None, verb_extension=<colcon_core.verb.build.BuildVerb object at 0x7f177d58d0a0>, verb_name='build', verb_parser=<colcon_defaults.argument_parser.defaults.DefaultArgumentsDecorator object at 0x7f177d58dc70>)
[0.381s] Level 1:colcon.colcon_core.package_discovery:discover_packages(colcon_meta) check parameters
[0.382s] Level 1:colcon.colcon_core.package_discovery:discover_packages(recursive) check parameters
[0.382s] Level 1:colcon.colcon_core.package_discovery:discover_packages(ignore) check parameters
[0.382s] Level 1:colcon.colcon_core.package_discovery:discover_packages(path) check parameters
[0.382s] Level 1:colcon.colcon_core.package_discovery:discover_packages(colcon_meta) discover
[0.382s] Level 1:colcon.colcon_core.package_discovery:discover_packages(recursive) discover
[0.382s] INFO:colcon.colcon_core.package_discovery:Crawling recursively for packages in '/home/QiangLi/learn/d2lros2/chapt3/chapt3_ws'
[0.382s] Level 1:colcon.colcon_core.package_identification:_identify(.) by extensions ['ignore', 'ignore_ament_install']
[0.382s] Level 1:colcon.colcon_core.package_identification:_identify(.) by extension 'ignore'
[0.382s] Level 1:colcon.colcon_core.package_identification:_identify(.) by extension 'ignore_ament_install'
[0.382s] Level 1:colcon.colcon_core.package_identification:_identify(.) by extensions ['colcon_pkg']
[0.382s] Level 1:colcon.colcon_core.package_identification:_identify(.) by extension 'colcon_pkg'
[0.382s] Level 1:colcon.colcon_core.package_identification:_identify(.) by extensions ['colcon_meta']
[0.382s] Level 1:colcon.colcon_core.package_identification:_identify(.) by extension 'colcon_meta'
[0.382s] Level 1:colcon.colcon_core.package_identification:_identify(.) by extensions ['ros']
[0.382s] Level 1:colcon.colcon_core.package_identification:_identify(.) by extension 'ros'
[0.391s] Level 1:colcon.colcon_core.package_identification:_identify(.) by extensions ['cmake', 'python']
[0.391s] Level 1:colcon.colcon_core.package_identification:_identify(.) by extension 'cmake'
[0.391s] Level 1:colcon.colcon_core.package_identification:_identify(.) by extension 'python'
[0.392s] Level 1:colcon.colcon_core.package_identification:_identify(.) by extensions ['python_setup_py']
[0.392s] Level 1:colcon.colcon_core.package_identification:_identify(.) by extension 'python_setup_py'
[0.392s] Level 1:colcon.colcon_core.package_identification:_identify(build) by extensions ['ignore', 'ignore_ament_install']
[0.392s] Level 1:colcon.colcon_core.package_identification:_identify(build) by extension 'ignore'
[0.392s] Level 1:colcon.colcon_core.package_identification:_identify(build) ignored
[0.392s] Level 1:colcon.colcon_core.package_identification:_identify(install) by extensions ['ignore', 'ignore_ament_install']
[0.392s] Level 1:colcon.colcon_core.package_identification:_identify(install) by extension 'ignore'
[0.392s] Level 1:colcon.colcon_core.package_identification:_identify(install) ignored
[0.392s] Level 1:colcon.colcon_core.package_identification:_identify(log) by extensions ['ignore', 'ignore_ament_install']
[0.392s] Level 1:colcon.colcon_core.package_identification:_identify(log) by extension 'ignore'
[0.392s] Level 1:colcon.colcon_core.package_identification:_identify(log) ignored
[0.392s] Level 1:colcon.colcon_core.package_identification:_identify(src) by extensions ['ignore', 'ignore_ament_install']
[0.392s] Level 1:colcon.colcon_core.package_identification:_identify(src) by extension 'ignore'
[0.392s] Level 1:colcon.colcon_core.package_identification:_identify(src) by extension 'ignore_ament_install'
[0.392s] Level 1:colcon.colcon_core.package_identification:_identify(src) by extensions ['colcon_pkg']
[0.392s] Level 1:colcon.colcon_core.package_identification:_identify(src) by extension 'colcon_pkg'
[0.392s] Level 1:colcon.colcon_core.package_identification:_identify(src) by extensions ['colcon_meta']
[0.392s] Level 1:colcon.colcon_core.package_identification:_identify(src) by extension 'colcon_meta'
[0.392s] Level 1:colcon.colcon_core.package_identification:_identify(src) by extensions ['ros']
[0.392s] Level 1:colcon.colcon_core.package_identification:_identify(src) by extension 'ros'
[0.393s] Level 1:colcon.colcon_core.package_identification:_identify(src) by extensions ['cmake', 'python']
[0.393s] Level 1:colcon.colcon_core.package_identification:_identify(src) by extension 'cmake'
[0.393s] Level 1:colcon.colcon_core.package_identification:_identify(src) by extension 'python'
[0.393s] Level 1:colcon.colcon_core.package_identification:_identify(src) by extensions ['python_setup_py']
[0.393s] Level 1:colcon.colcon_core.package_identification:_identify(src) by extension 'python_setup_py'
[0.393s] Level 1:colcon.colcon_core.package_identification:_identify(src/example_service_rclcpp) by extensions ['ignore', 'ignore_ament_install']
[0.393s] Level 1:colcon.colcon_core.package_identification:_identify(src/example_service_rclcpp) by extension 'ignore'
[0.393s] Level 1:colcon.colcon_core.package_identification:_identify(src/example_service_rclcpp) by extension 'ignore_ament_install'
[0.393s] Level 1:colcon.colcon_core.package_identification:_identify(src/example_service_rclcpp) by extensions ['colcon_pkg']
[0.393s] Level 1:colcon.colcon_core.package_identification:_identify(src/example_service_rclcpp) by extension 'colcon_pkg'
[0.393s] Level 1:colcon.colcon_core.package_identification:_identify(src/example_service_rclcpp) by extensions ['colcon_meta']
[0.393s] Level 1:colcon.colcon_core.package_identification:_identify(src/example_service_rclcpp) by extension 'colcon_meta'
[0.393s] Level 1:colcon.colcon_core.package_identification:_identify(src/example_service_rclcpp) by extensions ['ros']
[0.393s] Level 1:colcon.colcon_core.package_identification:_identify(src/example_service_rclcpp) by extension 'ros'
[0.395s] DEBUG:colcon.colcon_core.package_identification:Package 'src/example_service_rclcpp' with type 'ros.ament_cmake' and name 'example_service_rclcpp'
[0.395s] Level 1:colcon.colcon_core.package_identification:_identify(src/example_topic_rclcpp) by extensions ['ignore', 'ignore_ament_install']
[0.395s] Level 1:colcon.colcon_core.package_identification:_identify(src/example_topic_rclcpp) by extension 'ignore'
[0.395s] Level 1:colcon.colcon_core.package_identification:_identify(src/example_topic_rclcpp) by extension 'ignore_ament_install'
[0.395s] Level 1:colcon.colcon_core.package_identification:_identify(src/example_topic_rclcpp) by extensions ['colcon_pkg']
[0.395s] Level 1:colcon.colcon_core.package_identification:_identify(src/example_topic_rclcpp) by extension 'colcon_pkg'
[0.395s] Level 1:colcon.colcon_core.package_identification:_identify(src/example_topic_rclcpp) by extensions ['colcon_meta']
[0.395s] Level 1:colcon.colcon_core.package_identification:_identify(src/example_topic_rclcpp) by extension 'colcon_meta'
[0.396s] Level 1:colcon.colcon_core.package_identification:_identify(src/example_topic_rclcpp) by extensions ['ros']
[0.396s] Level 1:colcon.colcon_core.package_identification:_identify(src/example_topic_rclcpp) by extension 'ros'
[0.396s] DEBUG:colcon.colcon_core.package_identification:Package 'src/example_topic_rclcpp' with type 'ros.ament_cmake' and name 'example_topic_rclcpp'
[0.396s] Level 1:colcon.colcon_core.package_discovery:discover_packages(recursive) using defaults
[0.396s] Level 1:colcon.colcon_core.package_discovery:discover_packages(ignore) discover
[0.396s] Level 1:colcon.colcon_core.package_discovery:discover_packages(ignore) using defaults
[0.396s] Level 1:colcon.colcon_core.package_discovery:discover_packages(path) discover
[0.396s] Level 1:colcon.colcon_core.package_discovery:discover_packages(path) using defaults
[0.418s] INFO:colcon.colcon_core.package_selection:Skipping not selected package 'example_topic_rclcpp' in 'src/example_topic_rclcpp'
[0.418s] Level 1:colcon.colcon_core.package_discovery:discover_packages(prefix_path) check parameters
[0.419s] Level 1:colcon.colcon_core.package_discovery:discover_packages(prefix_path) discover
[0.421s] DEBUG:colcon.colcon_installed_package_information.package_discovery:Found 256 installed packages in /opt/ros/foxy
[0.422s] Level 1:colcon.colcon_core.package_discovery:discover_packages(prefix_path) using defaults
[0.472s] Level 5:colcon.colcon_core.verb:set package 'example_service_rclcpp' build argument 'cmake_args' from command line to 'None'
[0.472s] Level 5:colcon.colcon_core.verb:set package 'example_service_rclcpp' build argument 'cmake_target' from command line to 'None'
[0.472s] Level 5:colcon.colcon_core.verb:set package 'example_service_rclcpp' build argument 'cmake_target_skip_unavailable' from command line to 'False'
[0.472s] Level 5:colcon.colcon_core.verb:set package 'example_service_rclcpp' build argument 'cmake_clean_cache' from command line to 'False'
[0.472s] Level 5:colcon.colcon_core.verb:set package 'example_service_rclcpp' build argument 'cmake_clean_first' from command line to 'False'
[0.472s] Level 5:colcon.colcon_core.verb:set package 'example_service_rclcpp' build argument 'cmake_force_configure' from command line to 'False'
[0.472s] Level 5:colcon.colcon_core.verb:set package 'example_service_rclcpp' build argument 'ament_cmake_args' from command line to 'None'
[0.473s] Level 5:colcon.colcon_core.verb:set package 'example_service_rclcpp' build argument 'catkin_cmake_args' from command line to 'None'
[0.473s] Level 5:colcon.colcon_core.verb:set package 'example_service_rclcpp' build argument 'catkin_skip_building_tests' from command line to 'False'
[0.473s] DEBUG:colcon.colcon_core.verb:Building package 'example_service_rclcpp' with the following arguments: {'ament_cmake_args': None, 'build_base': '/home/QiangLi/learn/d2lros2/chapt3/chapt3_ws/build/example_service_rclcpp', 'catkin_cmake_args': None, 'catkin_skip_building_tests': False, 'cmake_args': None, 'cmake_clean_cache': False, 'cmake_clean_first': False, 'cmake_force_configure': False, 'cmake_target': None, 'cmake_target_skip_unavailable': False, 'install_base': '/home/QiangLi/learn/d2lros2/chapt3/chapt3_ws/install/example_service_rclcpp', 'merge_install': False, 'path': '/home/QiangLi/learn/d2lros2/chapt3/chapt3_ws/src/example_service_rclcpp', 'symlink_install': False, 'test_result_base': None}
[0.473s] INFO:colcon.colcon_core.executor:Executing jobs using 'parallel' executor
[0.474s] DEBUG:colcon.colcon_parallel_executor.executor.parallel:run_until_complete
[0.474s] INFO:colcon.colcon_ros.task.ament_cmake.build:Building ROS package in '/home/QiangLi/learn/d2lros2/chapt3/chapt3_ws/src/example_service_rclcpp' with build type 'ament_cmake'
[0.474s] INFO:colcon.colcon_cmake.task.cmake.build:Building CMake package in '/home/QiangLi/learn/d2lros2/chapt3/chapt3_ws/src/example_service_rclcpp'
[0.476s] INFO:colcon.colcon_core.plugin_system:Skipping extension 'colcon_core.shell.bat': Not used on non-Windows systems
[0.476s] INFO:colcon.colcon_core.shell:Skip shell extension 'powershell' for command environment: Not usable outside of PowerShell
[0.477s] DEBUG:colcon.colcon_core.shell:Skip shell extension 'dsv' for command environment
[0.495s] DEBUG:colcon.colcon_core.event_handler.log_command:Invoking command in '/home/QiangLi/learn/d2lros2/chapt3/chapt3_ws/build/example_service_rclcpp': CMAKE_PREFIX_PATH=/opt/ros/foxy _=/usr/bin/env /usr/bin/cmake --build /home/QiangLi/learn/d2lros2/chapt3/chapt3_ws/build/example_service_rclcpp -- -j40 -l40
[2.385s] DEBUG:colcon.colcon_core.event_handler.log_command:Invoked command in '/home/QiangLi/learn/d2lros2/chapt3/chapt3_ws/build/example_service_rclcpp' returned '0': CMAKE_PREFIX_PATH=/opt/ros/foxy _=/usr/bin/env /usr/bin/cmake --build /home/QiangLi/learn/d2lros2/chapt3/chapt3_ws/build/example_service_rclcpp -- -j40 -l40
[2.529s] DEBUG:colcon.colcon_core.event_handler.log_command:Invoking command in '/home/QiangLi/learn/d2lros2/chapt3/chapt3_ws/build/example_service_rclcpp': CMAKE_PREFIX_PATH=/opt/ros/foxy _=/usr/bin/env /usr/bin/cmake --install /home/QiangLi/learn/d2lros2/chapt3/chapt3_ws/build/example_service_rclcpp
[2.547s] Level 1:colcon.colcon_core.environment:create_environment_scripts_only(example_service_rclcpp)
[2.550s] DEBUG:colcon.colcon_core.event_handler.log_command:Invoked command in '/home/QiangLi/learn/d2lros2/chapt3/chapt3_ws/build/example_service_rclcpp' returned '0': CMAKE_PREFIX_PATH=/opt/ros/foxy _=/usr/bin/env /usr/bin/cmake --install /home/QiangLi/learn/d2lros2/chapt3/chapt3_ws/build/example_service_rclcpp
[2.557s] Level 1:colcon.colcon_core.environment:checking '/home/QiangLi/learn/d2lros2/chapt3/chapt3_ws/install/example_service_rclcpp' for CMake module files
[2.559s] Level 1:colcon.colcon_core.environment:checking '/home/QiangLi/learn/d2lros2/chapt3/chapt3_ws/install/example_service_rclcpp' for CMake config files
[2.560s] Level 1:colcon.colcon_core.shell:create_environment_hook('example_service_rclcpp', 'cmake_prefix_path')
[2.561s] INFO:colcon.colcon_core.shell:Creating environment hook '/home/QiangLi/learn/d2lros2/chapt3/chapt3_ws/install/example_service_rclcpp/share/example_service_rclcpp/hook/cmake_prefix_path.ps1'
[2.564s] INFO:colcon.colcon_core.shell:Creating environment descriptor '/home/QiangLi/learn/d2lros2/chapt3/chapt3_ws/install/example_service_rclcpp/share/example_service_rclcpp/hook/cmake_prefix_path.dsv'
[2.565s] INFO:colcon.colcon_core.shell:Creating environment hook '/home/QiangLi/learn/d2lros2/chapt3/chapt3_ws/install/example_service_rclcpp/share/example_service_rclcpp/hook/cmake_prefix_path.sh'
[2.567s] Level 1:colcon.colcon_core.environment:checking '/home/QiangLi/learn/d2lros2/chapt3/chapt3_ws/install/example_service_rclcpp/lib'
[2.567s] Level 1:colcon.colcon_core.environment:checking '/home/QiangLi/learn/d2lros2/chapt3/chapt3_ws/install/example_service_rclcpp/bin'
[2.567s] Level 1:colcon.colcon_core.environment:checking '/home/QiangLi/learn/d2lros2/chapt3/chapt3_ws/install/example_service_rclcpp/lib/pkgconfig/example_service_rclcpp.pc'
[2.568s] Level 1:colcon.colcon_core.environment:checking '/home/QiangLi/learn/d2lros2/chapt3/chapt3_ws/install/example_service_rclcpp/lib/python3.8/site-packages'
[2.568s] Level 1:colcon.colcon_core.environment:checking '/home/QiangLi/learn/d2lros2/chapt3/chapt3_ws/install/example_service_rclcpp/bin'
[2.569s] INFO:colcon.colcon_core.shell:Creating package script '/home/QiangLi/learn/d2lros2/chapt3/chapt3_ws/install/example_service_rclcpp/share/example_service_rclcpp/package.ps1'
[2.571s] INFO:colcon.colcon_core.shell:Creating package descriptor '/home/QiangLi/learn/d2lros2/chapt3/chapt3_ws/install/example_service_rclcpp/share/example_service_rclcpp/package.dsv'
[2.572s] INFO:colcon.colcon_core.shell:Creating package script '/home/QiangLi/learn/d2lros2/chapt3/chapt3_ws/install/example_service_rclcpp/share/example_service_rclcpp/package.sh'
[2.573s] INFO:colcon.colcon_core.shell:Creating package script '/home/QiangLi/learn/d2lros2/chapt3/chapt3_ws/install/example_service_rclcpp/share/example_service_rclcpp/package.bash'
[2.575s] INFO:colcon.colcon_core.shell:Creating package script '/home/QiangLi/learn/d2lros2/chapt3/chapt3_ws/install/example_service_rclcpp/share/example_service_rclcpp/package.zsh'
[2.576s] Level 1:colcon.colcon_core.environment:create_file_with_runtime_dependencies(/home/QiangLi/learn/d2lros2/chapt3/chapt3_ws/install/example_service_rclcpp/share/colcon-core/packages/example_service_rclcpp)
[2.685s] Level 1:colcon.colcon_core.environment:create_environment_scripts_only(example_service_rclcpp)
[2.686s] Level 1:colcon.colcon_core.environment:checking '/home/QiangLi/learn/d2lros2/chapt3/chapt3_ws/install/example_service_rclcpp' for CMake module files
[2.688s] Level 1:colcon.colcon_core.environment:checking '/home/QiangLi/learn/d2lros2/chapt3/chapt3_ws/install/example_service_rclcpp' for CMake config files
[2.690s] Level 1:colcon.colcon_core.shell:create_environment_hook('example_service_rclcpp', 'cmake_prefix_path')
[2.690s] INFO:colcon.colcon_core.shell:Creating environment hook '/home/QiangLi/learn/d2lros2/chapt3/chapt3_ws/install/example_service_rclcpp/share/example_service_rclcpp/hook/cmake_prefix_path.ps1'
[2.692s] INFO:colcon.colcon_core.shell:Creating environment descriptor '/home/QiangLi/learn/d2lros2/chapt3/chapt3_ws/install/example_service_rclcpp/share/example_service_rclcpp/hook/cmake_prefix_path.dsv'
[2.693s] INFO:colcon.colcon_core.shell:Creating environment hook '/home/QiangLi/learn/d2lros2/chapt3/chapt3_ws/install/example_service_rclcpp/share/example_service_rclcpp/hook/cmake_prefix_path.sh'
[2.695s] Level 1:colcon.colcon_core.environment:checking '/home/QiangLi/learn/d2lros2/chapt3/chapt3_ws/install/example_service_rclcpp/lib'
[2.695s] Level 1:colcon.colcon_core.environment:checking '/home/QiangLi/learn/d2lros2/chapt3/chapt3_ws/install/example_service_rclcpp/bin'
[2.696s] Level 1:colcon.colcon_core.environment:checking '/home/QiangLi/learn/d2lros2/chapt3/chapt3_ws/install/example_service_rclcpp/lib/pkgconfig/example_service_rclcpp.pc'
[2.697s] Level 1:colcon.colcon_core.environment:checking '/home/QiangLi/learn/d2lros2/chapt3/chapt3_ws/install/example_service_rclcpp/lib/python3.8/site-packages'
[2.697s] Level 1:colcon.colcon_core.environment:checking '/home/QiangLi/learn/d2lros2/chapt3/chapt3_ws/install/example_service_rclcpp/bin'
[2.698s] INFO:colcon.colcon_core.shell:Creating package script '/home/QiangLi/learn/d2lros2/chapt3/chapt3_ws/install/example_service_rclcpp/share/example_service_rclcpp/package.ps1'
[2.699s] INFO:colcon.colcon_core.shell:Creating package descriptor '/home/QiangLi/learn/d2lros2/chapt3/chapt3_ws/install/example_service_rclcpp/share/example_service_rclcpp/package.dsv'
[2.700s] INFO:colcon.colcon_core.shell:Creating package script '/home/QiangLi/learn/d2lros2/chapt3/chapt3_ws/install/example_service_rclcpp/share/example_service_rclcpp/package.sh'
[2.701s] INFO:colcon.colcon_core.shell:Creating package script '/home/QiangLi/learn/d2lros2/chapt3/chapt3_ws/install/example_service_rclcpp/share/example_service_rclcpp/package.bash'
[2.702s] INFO:colcon.colcon_core.shell:Creating package script '/home/QiangLi/learn/d2lros2/chapt3/chapt3_ws/install/example_service_rclcpp/share/example_service_rclcpp/package.zsh'
[2.703s] Level 1:colcon.colcon_core.environment:create_file_with_runtime_dependencies(/home/QiangLi/learn/d2lros2/chapt3/chapt3_ws/install/example_service_rclcpp/share/colcon-core/packages/example_service_rclcpp)
[2.704s] DEBUG:colcon.colcon_parallel_executor.executor.parallel:closing loop
[2.705s] DEBUG:colcon.colcon_parallel_executor.executor.parallel:loop closed
[2.705s] DEBUG:colcon.colcon_parallel_executor.executor.parallel:run_until_complete finished with '0'
[2.705s] DEBUG:colcon.colcon_core.event_reactor:joining thread
[2.722s] INFO:colcon.colcon_core.plugin_system:Skipping extension 'colcon_notification.desktop_notification.terminal_notifier': Not used on non-Darwin systems
[2.723s] INFO:colcon.colcon_core.plugin_system:Skipping extension 'colcon_notification.desktop_notification.win32': Not used on non-Windows systems
[2.723s] INFO:colcon.colcon_notification.desktop_notification:Sending desktop notification using 'notify2'
[2.759s] DEBUG:colcon.colcon_core.event_reactor:joined thread
[2.760s] INFO:colcon.colcon_core.shell:Creating prefix script '/home/QiangLi/learn/d2lros2/chapt3/chapt3_ws/install/local_setup.ps1'
[2.763s] INFO:colcon.colcon_core.shell:Creating prefix util module '/home/QiangLi/learn/d2lros2/chapt3/chapt3_ws/install/_local_setup_util_ps1.py'
[2.768s] INFO:colcon.colcon_core.shell:Creating prefix chain script '/home/QiangLi/learn/d2lros2/chapt3/chapt3_ws/install/setup.ps1'
[2.771s] INFO:colcon.colcon_core.shell:Creating prefix script '/home/QiangLi/learn/d2lros2/chapt3/chapt3_ws/install/local_setup.sh'
[2.772s] INFO:colcon.colcon_core.shell:Creating prefix util module '/home/QiangLi/learn/d2lros2/chapt3/chapt3_ws/install/_local_setup_util_sh.py'
[2.773s] INFO:colcon.colcon_core.shell:Creating prefix chain script '/home/QiangLi/learn/d2lros2/chapt3/chapt3_ws/install/setup.sh'
[2.775s] INFO:colcon.colcon_core.shell:Creating prefix script '/home/QiangLi/learn/d2lros2/chapt3/chapt3_ws/install/local_setup.bash'
[2.776s] INFO:colcon.colcon_core.shell:Creating prefix chain script '/home/QiangLi/learn/d2lros2/chapt3/chapt3_ws/install/setup.bash'
[2.778s] INFO:colcon.colcon_core.shell:Creating prefix script '/home/QiangLi/learn/d2lros2/chapt3/chapt3_ws/install/local_setup.zsh'
[2.779s] INFO:colcon.colcon_core.shell:Creating prefix chain script '/home/QiangLi/learn/d2lros2/chapt3/chapt3_ws/install/setup.zsh'
