[0.019s] Invoking command in '/home/QiangLi/learn/d2lros2/chapt3/chapt3_ws/build/example_topic_rclcpp': CMAKE_PREFIX_PATH=/opt/ros/foxy _=/usr/bin/env /usr/bin/cmake /home/QiangLi/learn/d2lros2/chapt3/chapt3_ws/src/example_topic_rclcpp -DCMAKE_INSTALL_PREFIX=/home/QiangLi/learn/d2lros2/chapt3/chapt3_ws/install/example_topic_rclcpp
[0.250s] -- The C compiler identification is GNU 9.4.0
[0.419s] -- The CXX compiler identification is GNU 9.4.0
[0.439s] -- Check for working C compiler: /usr/bin/cc
[0.625s] -- Check for working C compiler: /usr/bin/cc -- works
[0.634s] -- Detecting C compiler ABI info
[0.817s] -- Detecting C compiler ABI info - done
[0.849s] -- Detecting C compile features
[0.850s] -- Detecting C compile features - done
[0.855s] -- Check for working CXX compiler: /usr/bin/c++
[1.032s] -- Check for working CXX compiler: /usr/bin/c++ -- works
[1.037s] -- Detecting CXX compiler ABI info
[1.235s] -- Detecting CXX compiler ABI info - done
[1.268s] -- Detecting CXX compile features
[1.268s] -- Detecting CXX compile features - done
[1.277s] -- Found ament_cmake: 0.9.12 (/opt/ros/foxy/share/ament_cmake/cmake)
[1.339s] -- Found PythonInterp: /usr/bin/python3 (found suitable version "3.8.10", minimum required is "3") 
[1.340s] -- Using PYTHON_EXECUTABLE: /usr/bin/python3
[1.603s] -- Found rclcpp: 2.4.3 (/opt/ros/foxy/share/rclcpp/cmake)
[1.693s] -- Using all available rosidl_typesupport_c: rosidl_typesupport_fastrtps_c;rosidl_typesupport_introspection_c
[1.707s] -- Found rosidl_adapter: 1.3.1 (/opt/ros/foxy/share/rosidl_adapter/cmake)
[1.938s] -- Found OpenSSL: /usr/lib/x86_64-linux-gnu/libcrypto.so (found version "1.1.1f")  
[1.985s] -- Found FastRTPS: /opt/ros/foxy/include  
[2.082s] -- Using all available rosidl_typesupport_cpp: rosidl_typesupport_fastrtps_cpp;rosidl_typesupport_introspection_cpp
[2.161s] -- Found rmw_implementation_cmake: 1.0.4 (/opt/ros/foxy/share/rmw_implementation_cmake/cmake)
[2.167s] -- Using RMW implementation 'rmw_fastrtps_cpp' as default
[2.171s] -- Looking for pthread.h
[2.357s] -- Looking for pthread.h - found
[2.358s] -- Performing Test CMAKE_HAVE_LIBC_PTHREAD
[2.555s] -- Performing Test CMAKE_HAVE_LIBC_PTHREAD - Failed
[2.556s] -- Looking for pthread_create in pthreads
[2.726s] -- Looking for pthread_create in pthreads - not found
[2.727s] -- Looking for pthread_create in pthread
[2.907s] -- Looking for pthread_create in pthread - found
[2.911s] -- Found Threads: TRUE  
[3.121s] -- Found ament_lint_auto: 0.9.8 (/opt/ros/foxy/share/ament_lint_auto/cmake)
[3.251s] -- Added test 'copyright' to check source files copyright and LICENSE
[3.252s] -- Added test 'cppcheck' to perform static code analysis on C / C++ code
[3.253s] -- Configured cppcheck include dirs: 
[3.253s] -- Configured cppcheck exclude dirs and/or files: 
[3.254s] -- Added test 'cpplint' to check C / C++ code against the Google style
[3.254s] -- Configured cpplint exclude dirs and/or files: 
[3.255s] -- Added test 'lint_cmake' to check CMake code style
[3.257s] -- Added test 'uncrustify' to check C / C++ code style
[3.257s] -- Configured uncrustify additional arguments: 
[3.258s] -- Added test 'xmllint' to check XML markup files
[3.263s] -- Configuring done
[3.270s] -- Generating done
[3.271s] -- Build files have been written to: /home/QiangLi/learn/d2lros2/chapt3/chapt3_ws/build/example_topic_rclcpp
[3.283s] Invoked command in '/home/QiangLi/learn/d2lros2/chapt3/chapt3_ws/build/example_topic_rclcpp' returned '0': CMAKE_PREFIX_PATH=/opt/ros/foxy _=/usr/bin/env /usr/bin/cmake /home/QiangLi/learn/d2lros2/chapt3/chapt3_ws/src/example_topic_rclcpp -DCMAKE_INSTALL_PREFIX=/home/QiangLi/learn/d2lros2/chapt3/chapt3_ws/install/example_topic_rclcpp
[3.292s] Invoking command in '/home/QiangLi/learn/d2lros2/chapt3/chapt3_ws/build/example_topic_rclcpp': CMAKE_PREFIX_PATH=/opt/ros/foxy _=/usr/bin/env /usr/bin/cmake --build /home/QiangLi/learn/d2lros2/chapt3/chapt3_ws/build/example_topic_rclcpp -- -j40 -l40
[3.389s] [35m[1mScanning dependencies of target topic_publisher_01[0m
[3.578s] [ 50%] [32mBuilding CXX object CMakeFiles/topic_publisher_01.dir/src/topic_publisher_01.cpp.o[0m
[4.632s] [01m[K/home/QiangLi/learn/d2lros2/chapt3/chapt3_ws/src/example_topic_rclcpp/src/topic_publisher_01.cpp:11:2:[m[K [01;31m[Kerror: [m[Kexpected ‘[01m[K;[m[K’ after class definition
[4.632s]    11 | }
[4.633s]       |  [01;31m[K^[m[K
[4.633s]       |  [32m[K;[m[K
[4.953s] make[2]: *** [CMakeFiles/topic_publisher_01.dir/build.make:63：CMakeFiles/topic_publisher_01.dir/src/topic_publisher_01.cpp.o] 错误 1
[4.953s] make[1]: *** [CMakeFiles/Makefile2:78：CMakeFiles/topic_publisher_01.dir/all] 错误 2
[4.954s] make: *** [Makefile:141：all] 错误 2
[4.960s] Invoked command in '/home/QiangLi/learn/d2lros2/chapt3/chapt3_ws/build/example_topic_rclcpp' returned '2': CMAKE_PREFIX_PATH=/opt/ros/foxy _=/usr/bin/env /usr/bin/cmake --build /home/QiangLi/learn/d2lros2/chapt3/chapt3_ws/build/example_topic_rclcpp -- -j40 -l40
