[0.022s] Invoking command in '/home/QiangLi/learn/d2lros2/chapt3/chapt3_ws/build/example_service_rclcpp': CMAKE_PREFIX_PATH=/opt/ros/foxy _=/usr/bin/env /usr/bin/cmake /home/QiangLi/learn/d2lros2/chapt3/chapt3_ws/src/example_service_rclcpp -DCMAKE_INSTALL_PREFIX=/home/QiangLi/learn/d2lros2/chapt3/chapt3_ws/install/example_service_rclcpp
[0.268s] -- The C compiler identification is GNU 9.4.0
[0.437s] -- The CXX compiler identification is GNU 9.4.0
[0.456s] -- Check for working C compiler: /usr/bin/cc
[0.619s] -- Check for working C compiler: /usr/bin/cc -- works
[0.627s] -- Detecting C compiler ABI info
[0.816s] -- Detecting C compiler ABI info - done
[0.850s] -- Detecting C compile features
[0.851s] -- Detecting C compile features - done
[0.856s] -- Check for working CXX compiler: /usr/bin/c++
[1.031s] -- Check for working CXX compiler: /usr/bin/c++ -- works
[1.036s] -- Detecting CXX compiler ABI info
[1.234s] -- Detecting CXX compiler ABI info - done
[1.266s] -- Detecting CXX compile features
[1.267s] -- Detecting CXX compile features - done
[1.275s] -- Found ament_cmake: 0.9.12 (/opt/ros/foxy/share/ament_cmake/cmake)
[1.329s] -- Found PythonInterp: /usr/bin/python3 (found suitable version "3.8.10", minimum required is "3") 
[1.329s] -- Using PYTHON_EXECUTABLE: /usr/bin/python3
[1.584s] -- Found rclcpp: 2.4.3 (/opt/ros/foxy/share/rclcpp/cmake)
[1.653s] -- Using all available rosidl_typesupport_c: rosidl_typesupport_fastrtps_c;rosidl_typesupport_introspection_c
[1.662s] -- Found rosidl_adapter: 1.3.1 (/opt/ros/foxy/share/rosidl_adapter/cmake)
[1.891s] -- Found OpenSSL: /usr/lib/x86_64-linux-gnu/libcrypto.so (found version "1.1.1f")  
[1.939s] -- Found FastRTPS: /opt/ros/foxy/include  
[2.029s] -- Using all available rosidl_typesupport_cpp: rosidl_typesupport_fastrtps_cpp;rosidl_typesupport_introspection_cpp
[2.105s] -- Found rmw_implementation_cmake: 1.0.4 (/opt/ros/foxy/share/rmw_implementation_cmake/cmake)
[2.110s] -- Using RMW implementation 'rmw_fastrtps_cpp' as default
[2.112s] -- Looking for pthread.h
[2.296s] -- Looking for pthread.h - found
[2.297s] -- Performing Test CMAKE_HAVE_LIBC_PTHREAD
[2.466s] -- Performing Test CMAKE_HAVE_LIBC_PTHREAD - Failed
[2.466s] -- Looking for pthread_create in pthreads
[2.621s] -- Looking for pthread_create in pthreads - not found
[2.622s] -- Looking for pthread_create in pthread
[2.784s] -- Looking for pthread_create in pthread - found
[2.789s] -- Found Threads: TRUE  
[2.975s] -- Found ament_lint_auto: 0.9.8 (/opt/ros/foxy/share/ament_lint_auto/cmake)
[3.107s] -- Added test 'copyright' to check source files copyright and LICENSE
[3.109s] -- Added test 'cppcheck' to perform static code analysis on C / C++ code
[3.109s] -- Configured cppcheck include dirs: 
[3.109s] -- Configured cppcheck exclude dirs and/or files: 
[3.110s] -- Added test 'cpplint' to check C / C++ code against the Google style
[3.110s] -- Configured cpplint exclude dirs and/or files: 
[3.112s] -- Added test 'lint_cmake' to check CMake code style
[3.114s] -- Added test 'uncrustify' to check C / C++ code style
[3.114s] -- Configured uncrustify additional arguments: 
[3.114s] -- Added test 'xmllint' to check XML markup files
[3.118s] CMake Error at CMakeLists.txt:41 (install):
[3.119s]   install TARGETS given target "DEFINITION" which does not exist.
[3.119s] 
[3.119s] 
[3.120s] CMake Error at CMakeLists.txt:45 (install):
[3.120s]   install TARGETS given target "DEFINITION" which does not exist.
[3.120s] 
[3.120s] 
[3.121s] -- Configuring incomplete, errors occurred!
[3.121s] See also "/home/QiangLi/learn/d2lros2/chapt3/chapt3_ws/build/example_service_rclcpp/CMakeFiles/CMakeOutput.log".
[3.121s] See also "/home/QiangLi/learn/d2lros2/chapt3/chapt3_ws/build/example_service_rclcpp/CMakeFiles/CMakeError.log".
[3.132s] Invoked command in '/home/QiangLi/learn/d2lros2/chapt3/chapt3_ws/build/example_service_rclcpp' returned '1': CMAKE_PREFIX_PATH=/opt/ros/foxy _=/usr/bin/env /usr/bin/cmake /home/QiangLi/learn/d2lros2/chapt3/chapt3_ws/src/example_service_rclcpp -DCMAKE_INSTALL_PREFIX=/home/QiangLi/learn/d2lros2/chapt3/chapt3_ws/install/example_service_rclcpp
