[0.021s] Invoking command in '/home/QiangLi/learn/d2lros2/chapt3/chapt3_ws/build/example_topic_rclcpp': CMAKE_PREFIX_PATH=${CMAKE_PREFIX_PATH}:/opt/ros/foxy _=/usr/bin/env /usr/bin/cmake --build /home/QiangLi/learn/d2lros2/chapt3/chapt3_ws/build/example_topic_rclcpp -- -j40 -l40
[0.081s] -- Found ament_cmake: 0.9.12 (/opt/ros/foxy/share/ament_cmake/cmake)
[0.127s] -- Using PYTHON_EXECUTABLE: /usr/bin/python3
[0.334s] -- Found rclcpp: 2.4.3 (/opt/ros/foxy/share/rclcpp/cmake)
[0.371s] -- Using all available rosidl_typesupport_c: rosidl_typesupport_fastrtps_c;rosidl_typesupport_introspection_c
[0.374s] -- Found rosidl_adapter: 1.3.1 (/opt/ros/foxy/share/rosidl_adapter/cmake)
[0.499s] -- Using all available rosidl_typesupport_cpp: rosidl_typesupport_fastrtps_cpp;rosidl_typesupport_introspection_cpp
[0.546s] -- Found rmw_implementation_cmake: 1.0.4 (/opt/ros/foxy/share/rmw_implementation_cmake/cmake)
[0.547s] -- Using RMW implementation 'rmw_fastrtps_cpp' as default
[0.685s] -- Found ament_lint_auto: 0.9.8 (/opt/ros/foxy/share/ament_lint_auto/cmake)
[0.781s] -- Added test 'copyright' to check source files copyright and LICENSE
[0.782s] -- Added test 'cppcheck' to perform static code analysis on C / C++ code
[0.782s] -- Configured cppcheck include dirs: 
[0.782s] -- Configured cppcheck exclude dirs and/or files: 
[0.783s] -- Added test 'cpplint' to check C / C++ code against the Google style
[0.783s] -- Configured cpplint exclude dirs and/or files: 
[0.783s] -- Added test 'lint_cmake' to check CMake code style
[0.784s] -- Added test 'uncrustify' to check C / C++ code style
[0.785s] -- Configured uncrustify additional arguments: 
[0.785s] -- Added test 'xmllint' to check XML markup files
[0.790s] -- Configuring done
[0.797s] -- Generating done
[0.799s] -- Build files have been written to: /home/QiangLi/learn/d2lros2/chapt3/chapt3_ws/build/example_topic_rclcpp
[0.857s] [35m[1mScanning dependencies of target topic_publisher_01[0m
[0.927s] [ 50%] [32mBuilding CXX object CMakeFiles/topic_publisher_01.dir/src/topic_publisher_01.cpp.o[0m
[3.705s] [100%] [32m[1mLinking CXX executable topic_publisher_01[0m
[3.907s] [100%] Built target topic_publisher_01
[3.938s] Invoked command in '/home/QiangLi/learn/d2lros2/chapt3/chapt3_ws/build/example_topic_rclcpp' returned '0': CMAKE_PREFIX_PATH=${CMAKE_PREFIX_PATH}:/opt/ros/foxy _=/usr/bin/env /usr/bin/cmake --build /home/QiangLi/learn/d2lros2/chapt3/chapt3_ws/build/example_topic_rclcpp -- -j40 -l40
[4.068s] Invoking command in '/home/QiangLi/learn/d2lros2/chapt3/chapt3_ws/build/example_topic_rclcpp': CMAKE_PREFIX_PATH=${CMAKE_PREFIX_PATH}:/opt/ros/foxy _=/usr/bin/env /usr/bin/cmake --install /home/QiangLi/learn/d2lros2/chapt3/chapt3_ws/build/example_topic_rclcpp
[4.079s] -- Install configuration: ""
[4.080s] -- Installing: /home/QiangLi/learn/d2lros2/chapt3/chapt3_ws/install/example_topic_rclcpp/share/ament_index/resource_index/package_run_dependencies/example_topic_rclcpp
[4.080s] -- Installing: /home/QiangLi/learn/d2lros2/chapt3/chapt3_ws/install/example_topic_rclcpp/share/ament_index/resource_index/parent_prefix_path/example_topic_rclcpp
[4.080s] -- Up-to-date: /home/QiangLi/learn/d2lros2/chapt3/chapt3_ws/install/example_topic_rclcpp/share/example_topic_rclcpp/environment/ament_prefix_path.sh
[4.081s] -- Installing: /home/QiangLi/learn/d2lros2/chapt3/chapt3_ws/install/example_topic_rclcpp/share/example_topic_rclcpp/environment/ament_prefix_path.dsv
[4.081s] -- Up-to-date: /home/QiangLi/learn/d2lros2/chapt3/chapt3_ws/install/example_topic_rclcpp/share/example_topic_rclcpp/environment/path.sh
[4.081s] -- Installing: /home/QiangLi/learn/d2lros2/chapt3/chapt3_ws/install/example_topic_rclcpp/share/example_topic_rclcpp/environment/path.dsv
[4.082s] -- Up-to-date: /home/QiangLi/learn/d2lros2/chapt3/chapt3_ws/install/example_topic_rclcpp/share/example_topic_rclcpp/local_setup.bash
[4.082s] -- Up-to-date: /home/QiangLi/learn/d2lros2/chapt3/chapt3_ws/install/example_topic_rclcpp/share/example_topic_rclcpp/local_setup.sh
[4.082s] -- Up-to-date: /home/QiangLi/learn/d2lros2/chapt3/chapt3_ws/install/example_topic_rclcpp/share/example_topic_rclcpp/local_setup.zsh
[4.082s] -- Installing: /home/QiangLi/learn/d2lros2/chapt3/chapt3_ws/install/example_topic_rclcpp/share/example_topic_rclcpp/local_setup.dsv
[4.083s] -- Installing: /home/QiangLi/learn/d2lros2/chapt3/chapt3_ws/install/example_topic_rclcpp/share/example_topic_rclcpp/package.dsv
[4.083s] -- Up-to-date: /home/QiangLi/learn/d2lros2/chapt3/chapt3_ws/install/example_topic_rclcpp/share/ament_index/resource_index/packages/example_topic_rclcpp
[4.083s] -- Up-to-date: /home/QiangLi/learn/d2lros2/chapt3/chapt3_ws/install/example_topic_rclcpp/share/example_topic_rclcpp/cmake/example_topic_rclcppConfig.cmake
[4.083s] -- Up-to-date: /home/QiangLi/learn/d2lros2/chapt3/chapt3_ws/install/example_topic_rclcpp/share/example_topic_rclcpp/cmake/example_topic_rclcppConfig-version.cmake
[4.083s] -- Installing: /home/QiangLi/learn/d2lros2/chapt3/chapt3_ws/install/example_topic_rclcpp/share/example_topic_rclcpp/package.xml
[4.084s] -- Installing: /home/QiangLi/learn/d2lros2/chapt3/chapt3_ws/install/example_topic_rclcpp/lib/example_topic_rclcpp/topic_publisher_01
[4.084s] -- Set runtime path of "/home/QiangLi/learn/d2lros2/chapt3/chapt3_ws/install/example_topic_rclcpp/lib/example_topic_rclcpp/topic_publisher_01" to ""
[4.088s] Invoked command in '/home/QiangLi/learn/d2lros2/chapt3/chapt3_ws/build/example_topic_rclcpp' returned '0': CMAKE_PREFIX_PATH=${CMAKE_PREFIX_PATH}:/opt/ros/foxy _=/usr/bin/env /usr/bin/cmake --install /home/QiangLi/learn/d2lros2/chapt3/chapt3_ws/build/example_topic_rclcpp
