[0.019s] Invoking command in '/home/QiangLi/learn/d2lros2/chapt3/chapt3_ws/build/example_topic_rclcpp': CMAKE_PREFIX_PATH=/opt/ros/foxy _=/usr/bin/env /usr/bin/cmake --build /home/QiangLi/learn/d2lros2/chapt3/chapt3_ws/build/example_topic_rclcpp -- -j40 -l40
[0.078s] -- Found ament_cmake: 0.9.12 (/opt/ros/foxy/share/ament_cmake/cmake)
[0.125s] -- Using PYTHON_EXECUTABLE: /usr/bin/python3
[0.328s] -- Found rclcpp: 2.4.3 (/opt/ros/foxy/share/rclcpp/cmake)
[0.366s] -- Using all available rosidl_typesupport_c: rosidl_typesupport_fastrtps_c;rosidl_typesupport_introspection_c
[0.369s] -- Found rosidl_adapter: 1.3.1 (/opt/ros/foxy/share/rosidl_adapter/cmake)
[0.488s] -- Using all available rosidl_typesupport_cpp: rosidl_typesupport_fastrtps_cpp;rosidl_typesupport_introspection_cpp
[0.534s] -- Found rmw_implementation_cmake: 1.0.4 (/opt/ros/foxy/share/rmw_implementation_cmake/cmake)
[0.535s] -- Using RMW implementation 'rmw_fastrtps_cpp' as default
[0.689s] -- Found ament_lint_auto: 0.9.8 (/opt/ros/foxy/share/ament_lint_auto/cmake)
[0.782s] -- Added test 'copyright' to check source files copyright and LICENSE
[0.783s] -- Added test 'cppcheck' to perform static code analysis on C / C++ code
[0.783s] -- Configured cppcheck include dirs: 
[0.784s] -- Configured cppcheck exclude dirs and/or files: 
[0.784s] -- Added test 'cpplint' to check C / C++ code against the Google style
[0.784s] -- Configured cpplint exclude dirs and/or files: 
[0.785s] -- Added test 'lint_cmake' to check CMake code style
[0.786s] -- Added test 'uncrustify' to check C / C++ code style
[0.786s] -- Configured uncrustify additional arguments: 
[0.787s] -- Added test 'xmllint' to check XML markup files
[0.790s] -- Configuring done
[0.797s] -- Generating done
[0.799s] -- Build files have been written to: /home/QiangLi/learn/d2lros2/chapt3/chapt3_ws/build/example_topic_rclcpp
[0.894s] [ 50%] [32mBuilding CXX object CMakeFiles/topic_publisher_01.dir/src/topic_publisher_01.cpp.o[0m
[1.940s] [01m[K/home/QiangLi/learn/d2lros2/chapt3/chapt3_ws/src/example_topic_rclcpp/src/topic_publisher_01.cpp:11:2:[m[K [01;31m[Kerror: [m[Kexpected ‘[01m[K;[m[K’ after class definition
[1.940s]    11 | }
[1.941s]       |  [01;31m[K^[m[K
[1.941s]       |  [32m[K;[m[K
[2.260s] make[2]: *** [CMakeFiles/topic_publisher_01.dir/build.make:63：CMakeFiles/topic_publisher_01.dir/src/topic_publisher_01.cpp.o] 错误 1
[2.261s] make[1]: *** [CMakeFiles/Makefile2:78：CMakeFiles/topic_publisher_01.dir/all] 错误 2
[2.261s] make: *** [Makefile:141：all] 错误 2
[2.267s] Invoked command in '/home/QiangLi/learn/d2lros2/chapt3/chapt3_ws/build/example_topic_rclcpp' returned '2': CMAKE_PREFIX_PATH=/opt/ros/foxy _=/usr/bin/env /usr/bin/cmake --build /home/QiangLi/learn/d2lros2/chapt3/chapt3_ws/build/example_topic_rclcpp -- -j40 -l40
